2024-11-25T18:41:50.788Z 0: 

----------------------------------------------
2024-11-25T18:41:50.798Z 1: Discord starting: {"releaseChannel":"stable","version":"0.0.76"}, modulepath: /home/josh/.config/discord/0.0.76/modules
2024-11-25T18:41:50.809Z 2: ✅ webContents.created web1 ""
2024-11-25T18:41:50.813Z 3: ✅ window.created win1 "discord"
2024-11-25T18:41:51.055Z 4: ✅ webContents.did-finish-load web1
2024-11-25T18:41:59.448Z 5: ✅ webContents.created web2 ""
2024-11-25T18:41:59.460Z 6: ✅ window.created win2 "Discord"
2024-11-25T18:42:02.025Z 7: ✅ webContents.did-finish-load web2
2024-11-25T18:42:02.129Z 8: window.close win1
2024-11-25T18:42:02.142Z 9: webContents.destroyed web1
2024-11-25T18:42:02.145Z 10: window.closed win1
2024-11-25T18:42:34.055Z 11: window.close win2
2024-11-27T17:33:34.658Z 0: 

----------------------------------------------
2024-11-27T17:33:34.669Z 1: Discord starting: {"releaseChannel":"stable","version":"0.0.76"}, modulepath: /home/josh/.config/discord/0.0.76/modules
2024-11-27T17:33:34.676Z 2: ✅ webContents.created web1 ""
2024-11-27T17:33:34.679Z 3: ✅ window.created win1 "discord"
2024-11-27T17:33:34.944Z 4: ✅ webContents.did-finish-load web1
2024-11-27T17:33:36.451Z 5: ✅ webContents.created web2 ""
2024-11-27T17:33:36.460Z 6: ✅ window.created win2 "Discord"
2024-11-27T17:33:39.771Z 7: ✅ webContents.did-finish-load web2
2024-11-27T17:33:39.871Z 8: window.close win1
2024-11-27T17:33:39.877Z 9: webContents.destroyed web1
2024-11-27T17:33:39.880Z 10: window.closed win1
2024-11-28T00:22:53.330Z 11: before-quit
2024-11-28T00:59:30.853Z 0: 

----------------------------------------------
2024-11-28T00:59:30.864Z 1: Discord starting: {"releaseChannel":"stable","version":"0.0.76"}, modulepath: /home/josh/.config/discord/0.0.76/modules
2024-11-28T00:59:30.872Z 2: ✅ webContents.created web1 ""
2024-11-28T00:59:30.875Z 3: ✅ window.created win1 "discord"
2024-11-28T00:59:31.134Z 4: ✅ webContents.did-finish-load web1
2024-11-28T00:59:31.467Z 5: ✅ webContents.created web2 ""
2024-11-28T00:59:31.480Z 6: ✅ window.created win2 "Discord"
2024-11-28T00:59:35.519Z 7: ✅ webContents.did-finish-load web2
2024-11-28T00:59:35.620Z 8: window.close win1
2024-11-28T00:59:35.636Z 9: webContents.destroyed web1
2024-11-28T00:59:35.640Z 10: window.closed win1
2024-11-28T02:51:21.581Z 0: 

----------------------------------------------
2024-11-28T02:51:21.593Z 1: Discord starting: {"releaseChannel":"stable","version":"0.0.76"}, modulepath: /home/josh/.config/discord/0.0.76/modules
2024-11-28T02:51:21.601Z 2: ✅ webContents.created web1 ""
2024-11-28T02:51:21.603Z 3: ✅ window.created win1 "discord"
2024-11-28T02:51:21.930Z 4: ✅ webContents.did-finish-load web1
2024-11-28T02:51:22.049Z 5: ✅ webContents.created web2 ""
2024-11-28T02:51:22.060Z 6: ✅ window.created win2 "Discord"
2024-11-28T02:51:25.261Z 7: ✅ webContents.did-finish-load web2
2024-11-28T02:51:25.363Z 8: window.close win1
2024-11-28T02:51:25.384Z 9: webContents.destroyed web1
2024-11-28T02:51:25.388Z 10: window.closed win1
2024-11-28T02:53:13.980Z 11: window.close win2
2024-11-28T02:56:11.742Z 0: 

----------------------------------------------
2024-11-28T02:56:11.754Z 1: Discord starting: {"releaseChannel":"stable","version":"0.0.76"}, modulepath: /home/josh/.config/discord/0.0.76/modules
2024-11-28T02:56:23.367Z 12: window.close win2
2024-11-28T16:47:05.031Z 0: 

----------------------------------------------
2024-11-28T16:47:05.046Z 1: Discord starting: {"releaseChannel":"stable","version":"0.0.76"}, modulepath: /home/josh/.config/discord/0.0.76/modules
2024-11-28T16:47:05.053Z 2: ✅ webContents.created web1 ""
2024-11-28T16:47:05.055Z 3: ✅ window.created win1 "discord"
2024-11-28T16:47:05.319Z 4: ✅ webContents.did-finish-load web1
2024-11-28T16:47:05.615Z 5: ✅ webContents.created web2 ""
2024-11-28T16:47:05.625Z 6: ✅ window.created win2 "Discord"
2024-11-28T16:47:07.797Z 7: ✅ webContents.did-finish-load web2
2024-11-28T16:47:07.898Z 8: window.close win1
2024-11-28T16:47:07.908Z 9: webContents.destroyed web1
2024-11-28T16:47:07.911Z 10: window.closed win1
2024-11-28T21:33:43.265Z 0: 

----------------------------------------------
2024-11-28T21:33:43.280Z 1: Discord starting: {"releaseChannel":"stable","version":"0.0.76"}, modulepath: /home/josh/.config/discord/0.0.76/modules
2024-11-28T21:33:43.284Z 2: ✅ webContents.created web1 ""
2024-11-28T21:33:43.286Z 3: ✅ window.created win1 "discord"
2024-11-28T21:33:43.622Z 4: ✅ webContents.did-finish-load web1
2024-11-28T21:33:44.059Z 5: ✅ webContents.created web2 ""
2024-11-28T21:33:44.076Z 6: ✅ window.created win2 "Discord"
2024-11-28T21:33:47.347Z 7: ✅ webContents.did-finish-load web2
2024-11-28T21:33:47.448Z 8: window.close win1
2024-11-28T21:33:47.461Z 9: webContents.destroyed web1
2024-11-28T21:33:47.464Z 10: window.closed win1
2024-11-28T22:06:43.831Z 11: window.close win2
