2024-11-23T19:59:50.778Z [Modules] Modules initializing
2024-11-23T19:59:50.778Z [Modules] Distribution: remote
2024-11-23T19:59:50.778Z [Modules] Host updates: enabled
2024-11-23T19:59:50.778Z [Modules] Module updates: enabled
2024-11-23T19:59:50.778Z [Modules] Module install path: /home/josh/.config/discord/0.0.75/modules
2024-11-23T19:59:50.778Z [Modules] Module installed file path: /home/josh/.config/discord/0.0.75/modules/installed.json
2024-11-23T19:59:50.778Z [Modules] Module download path: /home/josh/.config/discord/0.0.75/modules/pending
2024-11-23T19:59:51.039Z [Modules] Bootstrapping...
2024-11-23T19:59:51.039Z [Modules] Installing discord_desktop_core@0 from /opt/discord/resources/bootstrap/discord_desktop_core.zip
2024-11-23T19:59:51.042Z [Modules] Failed installing discord_desktop_core@0: Error: ENOENT: no such file or directory, open '/opt/discord/resources/bootstrap/discord_desktop_core.zip'
2024-11-23T19:59:51.043Z [Modules] Installing discord_erlpack@0 from /opt/discord/resources/bootstrap/discord_erlpack.zip
2024-11-23T19:59:51.044Z [Modules] Failed installing discord_erlpack@0: Error: ENOENT: no such file or directory, open '/opt/discord/resources/bootstrap/discord_erlpack.zip'
2024-11-23T19:59:51.044Z [Modules] Installing discord_spellcheck@0 from /opt/discord/resources/bootstrap/discord_spellcheck.zip
2024-11-23T19:59:51.044Z [Modules] Failed installing discord_spellcheck@0: Error: ENOENT: no such file or directory, open '/opt/discord/resources/bootstrap/discord_spellcheck.zip'
2024-11-23T19:59:51.045Z [Modules] Installing discord_utils@0 from /opt/discord/resources/bootstrap/discord_utils.zip
2024-11-23T19:59:51.045Z [Modules] Failed installing discord_utils@0: Error: ENOENT: no such file or directory, open '/opt/discord/resources/bootstrap/discord_utils.zip'
2024-11-23T19:59:51.046Z [Modules] Installing discord_voice@0 from /opt/discord/resources/bootstrap/discord_voice.zip
2024-11-23T19:59:51.046Z [Modules] Failed installing discord_voice@0: Error: ENOENT: no such file or directory, open '/opt/discord/resources/bootstrap/discord_voice.zip'
2024-11-23T19:59:51.047Z [Modules] Installing discord_zstd@0 from /opt/discord/resources/bootstrap/discord_zstd.zip
2024-11-23T19:59:51.047Z [Modules] Failed installing discord_zstd@0: Error: ENOENT: no such file or directory, open '/opt/discord/resources/bootstrap/discord_zstd.zip'
2024-11-23T19:59:51.048Z [Modules] Finished module installations. [success: 0] [failure: 6]
2024-11-23T19:59:51.048Z [Modules] Checking for host updates.
2024-11-23T19:59:51.254Z [Modules] Host is up to date.
2024-11-23T19:59:51.255Z [Modules] Checking for module updates at https://discord.com/api/modules/stable/versions.json
2024-11-23T19:59:51.293Z [Modules] Module update available: discord_desktop_core@1 [installed: 0]
2024-11-23T19:59:51.293Z [Modules] Module update available: discord_erlpack@1 [installed: 0]
2024-11-23T19:59:51.293Z [Modules] Module update available: discord_spellcheck@1 [installed: 0]
2024-11-23T19:59:51.293Z [Modules] Module update available: discord_utils@1 [installed: 0]
2024-11-23T19:59:51.293Z [Modules] Module update available: discord_voice@1 [installed: 0]
2024-11-23T19:59:51.294Z [Modules] Module update available: discord_zstd@1 [installed: 0]
2024-11-23T19:59:51.294Z [Modules] Fetching discord_desktop_core@1 from https://discord.com/api/modules/stable/discord_desktop_core/1
2024-11-23T19:59:51.295Z [Modules] Streaming discord_desktop_core@1 to /home/josh/.config/discord/0.0.75/modules/pending/discord_desktop_core-1.zip
2024-11-23T19:59:51.624Z [Modules] Streaming discord_desktop_core@1 to /home/josh/.config/discord/0.0.75/modules/pending/discord_desktop_core-1.zip: 1%
2024-11-23T19:59:51.633Z [Modules] Streaming discord_desktop_core@1 to /home/josh/.config/discord/0.0.75/modules/pending/discord_desktop_core-1.zip: 2%
2024-11-23T19:59:51.703Z [Modules] Streaming discord_desktop_core@1 to /home/josh/.config/discord/0.0.75/modules/pending/discord_desktop_core-1.zip: 4%
2024-11-23T19:59:51.822Z [Modules] Streaming discord_desktop_core@1 to /home/josh/.config/discord/0.0.75/modules/pending/discord_desktop_core-1.zip: 5%
2024-11-23T19:59:51.868Z [Modules] Streaming discord_desktop_core@1 to /home/josh/.config/discord/0.0.75/modules/pending/discord_desktop_core-1.zip: 6%
2024-11-23T19:59:51.873Z [Modules] Streaming discord_desktop_core@1 to /home/josh/.config/discord/0.0.75/modules/pending/discord_desktop_core-1.zip: 7%
2024-11-23T19:59:51.945Z [Modules] Streaming discord_desktop_core@1 to /home/josh/.config/discord/0.0.75/modules/pending/discord_desktop_core-1.zip: 8%
2024-11-23T19:59:51.955Z [Modules] Streaming discord_desktop_core@1 to /home/josh/.config/discord/0.0.75/modules/pending/discord_desktop_core-1.zip: 9%
2024-11-23T19:59:51.958Z [Modules] Streaming discord_desktop_core@1 to /home/josh/.config/discord/0.0.75/modules/pending/discord_desktop_core-1.zip: 10%
2024-11-23T19:59:51.997Z [Modules] Streaming discord_desktop_core@1 to /home/josh/.config/discord/0.0.75/modules/pending/discord_desktop_core-1.zip: 11%
2024-11-23T19:59:52.018Z [Modules] Streaming discord_desktop_core@1 to /home/josh/.config/discord/0.0.75/modules/pending/discord_desktop_core-1.zip: 12%
2024-11-23T19:59:52.026Z [Modules] Streaming discord_desktop_core@1 to /home/josh/.config/discord/0.0.75/modules/pending/discord_desktop_core-1.zip: 13%
2024-11-23T19:59:52.040Z [Modules] Streaming discord_desktop_core@1 to /home/josh/.config/discord/0.0.75/modules/pending/discord_desktop_core-1.zip: 14%
2024-11-23T19:59:52.056Z [Modules] Streaming discord_desktop_core@1 to /home/josh/.config/discord/0.0.75/modules/pending/discord_desktop_core-1.zip: 15%
2024-11-23T19:59:52.084Z [Modules] Streaming discord_desktop_core@1 to /home/josh/.config/discord/0.0.75/modules/pending/discord_desktop_core-1.zip: 16%
2024-11-23T19:59:52.109Z [Modules] Streaming discord_desktop_core@1 to /home/josh/.config/discord/0.0.75/modules/pending/discord_desktop_core-1.zip: 17%
2024-11-23T19:59:52.126Z [Modules] Streaming discord_desktop_core@1 to /home/josh/.config/discord/0.0.75/modules/pending/discord_desktop_core-1.zip: 18%
2024-11-23T19:59:52.142Z [Modules] Streaming discord_desktop_core@1 to /home/josh/.config/discord/0.0.75/modules/pending/discord_desktop_core-1.zip: 19%
2024-11-23T19:59:52.152Z [Modules] Streaming discord_desktop_core@1 to /home/josh/.config/discord/0.0.75/modules/pending/discord_desktop_core-1.zip: 20%
2024-11-23T19:59:52.182Z [Modules] Streaming discord_desktop_core@1 to /home/josh/.config/discord/0.0.75/modules/pending/discord_desktop_core-1.zip: 21%
2024-11-23T19:59:52.197Z [Modules] Streaming discord_desktop_core@1 to /home/josh/.config/discord/0.0.75/modules/pending/discord_desktop_core-1.zip: 22%
2024-11-23T19:59:52.212Z [Modules] Streaming discord_desktop_core@1 to /home/josh/.config/discord/0.0.75/modules/pending/discord_desktop_core-1.zip: 23%
2024-11-23T19:59:52.239Z [Modules] Streaming discord_desktop_core@1 to /home/josh/.config/discord/0.0.75/modules/pending/discord_desktop_core-1.zip: 24%
2024-11-23T19:59:52.250Z [Modules] Streaming discord_desktop_core@1 to /home/josh/.config/discord/0.0.75/modules/pending/discord_desktop_core-1.zip: 25%
2024-11-23T19:59:52.281Z [Modules] Streaming discord_desktop_core@1 to /home/josh/.config/discord/0.0.75/modules/pending/discord_desktop_core-1.zip: 26%
2024-11-23T19:59:52.291Z [Modules] Streaming discord_desktop_core@1 to /home/josh/.config/discord/0.0.75/modules/pending/discord_desktop_core-1.zip: 27%
2024-11-23T19:59:52.306Z [Modules] Streaming discord_desktop_core@1 to /home/josh/.config/discord/0.0.75/modules/pending/discord_desktop_core-1.zip: 28%
2024-11-23T19:59:52.328Z [Modules] Streaming discord_desktop_core@1 to /home/josh/.config/discord/0.0.75/modules/pending/discord_desktop_core-1.zip: 29%
2024-11-23T19:59:52.340Z [Modules] Streaming discord_desktop_core@1 to /home/josh/.config/discord/0.0.75/modules/pending/discord_desktop_core-1.zip: 30%
2024-11-23T19:59:52.364Z [Modules] Streaming discord_desktop_core@1 to /home/josh/.config/discord/0.0.75/modules/pending/discord_desktop_core-1.zip: 31%
2024-11-23T19:59:52.376Z [Modules] Streaming discord_desktop_core@1 to /home/josh/.config/discord/0.0.75/modules/pending/discord_desktop_core-1.zip: 32%
2024-11-23T19:59:52.386Z [Modules] Streaming discord_desktop_core@1 to /home/josh/.config/discord/0.0.75/modules/pending/discord_desktop_core-1.zip: 33%
2024-11-23T19:59:52.413Z [Modules] Streaming discord_desktop_core@1 to /home/josh/.config/discord/0.0.75/modules/pending/discord_desktop_core-1.zip: 34%
2024-11-23T19:59:52.424Z [Modules] Streaming discord_desktop_core@1 to /home/josh/.config/discord/0.0.75/modules/pending/discord_desktop_core-1.zip: 35%
2024-11-23T19:59:52.448Z [Modules] Streaming discord_desktop_core@1 to /home/josh/.config/discord/0.0.75/modules/pending/discord_desktop_core-1.zip: 36%
2024-11-23T19:59:52.459Z [Modules] Streaming discord_desktop_core@1 to /home/josh/.config/discord/0.0.75/modules/pending/discord_desktop_core-1.zip: 37%
2024-11-23T19:59:52.467Z [Modules] Streaming discord_desktop_core@1 to /home/josh/.config/discord/0.0.75/modules/pending/discord_desktop_core-1.zip: 38%
2024-11-23T19:59:52.493Z [Modules] Streaming discord_desktop_core@1 to /home/josh/.config/discord/0.0.75/modules/pending/discord_desktop_core-1.zip: 39%
2024-11-23T19:59:52.500Z [Modules] Streaming discord_desktop_core@1 to /home/josh/.config/discord/0.0.75/modules/pending/discord_desktop_core-1.zip: 40%
2024-11-23T19:59:52.510Z [Modules] Streaming discord_desktop_core@1 to /home/josh/.config/discord/0.0.75/modules/pending/discord_desktop_core-1.zip: 41%
2024-11-23T19:59:52.529Z [Modules] Streaming discord_desktop_core@1 to /home/josh/.config/discord/0.0.75/modules/pending/discord_desktop_core-1.zip: 42%
2024-11-23T19:59:52.543Z [Modules] Streaming discord_desktop_core@1 to /home/josh/.config/discord/0.0.75/modules/pending/discord_desktop_core-1.zip: 43%
2024-11-23T19:59:52.564Z [Modules] Streaming discord_desktop_core@1 to /home/josh/.config/discord/0.0.75/modules/pending/discord_desktop_core-1.zip: 44%
2024-11-23T19:59:52.574Z [Modules] Streaming discord_desktop_core@1 to /home/josh/.config/discord/0.0.75/modules/pending/discord_desktop_core-1.zip: 45%
2024-11-23T19:59:52.583Z [Modules] Streaming discord_desktop_core@1 to /home/josh/.config/discord/0.0.75/modules/pending/discord_desktop_core-1.zip: 46%
2024-11-23T19:59:52.604Z [Modules] Streaming discord_desktop_core@1 to /home/josh/.config/discord/0.0.75/modules/pending/discord_desktop_core-1.zip: 47%
2024-11-23T19:59:52.615Z [Modules] Streaming discord_desktop_core@1 to /home/josh/.config/discord/0.0.75/modules/pending/discord_desktop_core-1.zip: 48%
2024-11-23T19:59:52.634Z [Modules] Streaming discord_desktop_core@1 to /home/josh/.config/discord/0.0.75/modules/pending/discord_desktop_core-1.zip: 49%
2024-11-23T19:59:52.645Z [Modules] Streaming discord_desktop_core@1 to /home/josh/.config/discord/0.0.75/modules/pending/discord_desktop_core-1.zip: 50%
2024-11-23T19:59:52.653Z [Modules] Streaming discord_desktop_core@1 to /home/josh/.config/discord/0.0.75/modules/pending/discord_desktop_core-1.zip: 51%
2024-11-23T19:59:52.673Z [Modules] Streaming discord_desktop_core@1 to /home/josh/.config/discord/0.0.75/modules/pending/discord_desktop_core-1.zip: 52%
2024-11-23T19:59:52.685Z [Modules] Streaming discord_desktop_core@1 to /home/josh/.config/discord/0.0.75/modules/pending/discord_desktop_core-1.zip: 53%
2024-11-23T19:59:52.702Z [Modules] Streaming discord_desktop_core@1 to /home/josh/.config/discord/0.0.75/modules/pending/discord_desktop_core-1.zip: 54%
2024-11-23T19:59:52.712Z [Modules] Streaming discord_desktop_core@1 to /home/josh/.config/discord/0.0.75/modules/pending/discord_desktop_core-1.zip: 55%
2024-11-23T19:59:52.721Z [Modules] Streaming discord_desktop_core@1 to /home/josh/.config/discord/0.0.75/modules/pending/discord_desktop_core-1.zip: 56%
2024-11-23T19:59:52.742Z [Modules] Streaming discord_desktop_core@1 to /home/josh/.config/discord/0.0.75/modules/pending/discord_desktop_core-1.zip: 57%
2024-11-23T19:59:52.748Z [Modules] Streaming discord_desktop_core@1 to /home/josh/.config/discord/0.0.75/modules/pending/discord_desktop_core-1.zip: 58%
2024-11-23T19:59:52.766Z [Modules] Streaming discord_desktop_core@1 to /home/josh/.config/discord/0.0.75/modules/pending/discord_desktop_core-1.zip: 59%
2024-11-23T19:59:52.773Z [Modules] Streaming discord_desktop_core@1 to /home/josh/.config/discord/0.0.75/modules/pending/discord_desktop_core-1.zip: 60%
2024-11-23T19:59:52.779Z [Modules] Streaming discord_desktop_core@1 to /home/josh/.config/discord/0.0.75/modules/pending/discord_desktop_core-1.zip: 61%
2024-11-23T19:59:52.799Z [Modules] Streaming discord_desktop_core@1 to /home/josh/.config/discord/0.0.75/modules/pending/discord_desktop_core-1.zip: 62%
2024-11-23T19:59:52.809Z [Modules] Streaming discord_desktop_core@1 to /home/josh/.config/discord/0.0.75/modules/pending/discord_desktop_core-1.zip: 63%
2024-11-23T19:59:52.815Z [Modules] Streaming discord_desktop_core@1 to /home/josh/.config/discord/0.0.75/modules/pending/discord_desktop_core-1.zip: 64%
2024-11-23T19:59:52.832Z [Modules] Streaming discord_desktop_core@1 to /home/josh/.config/discord/0.0.75/modules/pending/discord_desktop_core-1.zip: 65%
2024-11-23T19:59:52.838Z [Modules] Streaming discord_desktop_core@1 to /home/josh/.config/discord/0.0.75/modules/pending/discord_desktop_core-1.zip: 66%
2024-11-23T19:59:52.855Z [Modules] Streaming discord_desktop_core@1 to /home/josh/.config/discord/0.0.75/modules/pending/discord_desktop_core-1.zip: 67%
2024-11-23T19:59:52.864Z [Modules] Streaming discord_desktop_core@1 to /home/josh/.config/discord/0.0.75/modules/pending/discord_desktop_core-1.zip: 68%
2024-11-23T19:59:52.872Z [Modules] Streaming discord_desktop_core@1 to /home/josh/.config/discord/0.0.75/modules/pending/discord_desktop_core-1.zip: 69%
2024-11-23T19:59:52.886Z [Modules] Streaming discord_desktop_core@1 to /home/josh/.config/discord/0.0.75/modules/pending/discord_desktop_core-1.zip: 70%
2024-11-23T19:59:52.896Z [Modules] Streaming discord_desktop_core@1 to /home/josh/.config/discord/0.0.75/modules/pending/discord_desktop_core-1.zip: 71%
2024-11-23T19:59:52.911Z [Modules] Streaming discord_desktop_core@1 to /home/josh/.config/discord/0.0.75/modules/pending/discord_desktop_core-1.zip: 72%
2024-11-23T19:59:52.919Z [Modules] Streaming discord_desktop_core@1 to /home/josh/.config/discord/0.0.75/modules/pending/discord_desktop_core-1.zip: 73%
2024-11-23T19:59:52.923Z [Modules] Streaming discord_desktop_core@1 to /home/josh/.config/discord/0.0.75/modules/pending/discord_desktop_core-1.zip: 74%
2024-11-23T19:59:52.945Z [Modules] Streaming discord_desktop_core@1 to /home/josh/.config/discord/0.0.75/modules/pending/discord_desktop_core-1.zip: 75%
2024-11-23T19:59:52.949Z [Modules] Streaming discord_desktop_core@1 to /home/josh/.config/discord/0.0.75/modules/pending/discord_desktop_core-1.zip: 76%
2024-11-23T19:59:52.965Z [Modules] Streaming discord_desktop_core@1 to /home/josh/.config/discord/0.0.75/modules/pending/discord_desktop_core-1.zip: 77%
2024-11-23T19:59:52.971Z [Modules] Streaming discord_desktop_core@1 to /home/josh/.config/discord/0.0.75/modules/pending/discord_desktop_core-1.zip: 78%
2024-11-23T19:59:52.978Z [Modules] Streaming discord_desktop_core@1 to /home/josh/.config/discord/0.0.75/modules/pending/discord_desktop_core-1.zip: 79%
2024-11-23T19:59:52.993Z [Modules] Streaming discord_desktop_core@1 to /home/josh/.config/discord/0.0.75/modules/pending/discord_desktop_core-1.zip: 80%
2024-11-23T19:59:53.001Z [Modules] Streaming discord_desktop_core@1 to /home/josh/.config/discord/0.0.75/modules/pending/discord_desktop_core-1.zip: 81%
2024-11-23T19:59:53.007Z [Modules] Streaming discord_desktop_core@1 to /home/josh/.config/discord/0.0.75/modules/pending/discord_desktop_core-1.zip: 82%
2024-11-23T19:59:53.019Z [Modules] Streaming discord_desktop_core@1 to /home/josh/.config/discord/0.0.75/modules/pending/discord_desktop_core-1.zip: 83%
2024-11-23T19:59:53.027Z [Modules] Streaming discord_desktop_core@1 to /home/josh/.config/discord/0.0.75/modules/pending/discord_desktop_core-1.zip: 84%
2024-11-23T19:59:53.040Z [Modules] Streaming discord_desktop_core@1 to /home/josh/.config/discord/0.0.75/modules/pending/discord_desktop_core-1.zip: 85%
2024-11-23T19:59:53.048Z [Modules] Streaming discord_desktop_core@1 to /home/josh/.config/discord/0.0.75/modules/pending/discord_desktop_core-1.zip: 86%
2024-11-23T19:59:53.054Z [Modules] Streaming discord_desktop_core@1 to /home/josh/.config/discord/0.0.75/modules/pending/discord_desktop_core-1.zip: 87%
2024-11-23T19:59:53.069Z [Modules] Streaming discord_desktop_core@1 to /home/josh/.config/discord/0.0.75/modules/pending/discord_desktop_core-1.zip: 88%
2024-11-23T19:59:53.074Z [Modules] Streaming discord_desktop_core@1 to /home/josh/.config/discord/0.0.75/modules/pending/discord_desktop_core-1.zip: 89%
2024-11-23T19:59:53.090Z [Modules] Streaming discord_desktop_core@1 to /home/josh/.config/discord/0.0.75/modules/pending/discord_desktop_core-1.zip: 90%
2024-11-23T19:59:53.098Z [Modules] Streaming discord_desktop_core@1 to /home/josh/.config/discord/0.0.75/modules/pending/discord_desktop_core-1.zip: 91%
2024-11-23T19:59:53.103Z [Modules] Streaming discord_desktop_core@1 to /home/josh/.config/discord/0.0.75/modules/pending/discord_desktop_core-1.zip: 92%
2024-11-23T19:59:53.115Z [Modules] Streaming discord_desktop_core@1 to /home/josh/.config/discord/0.0.75/modules/pending/discord_desktop_core-1.zip: 93%
2024-11-23T19:59:53.122Z [Modules] Streaming discord_desktop_core@1 to /home/josh/.config/discord/0.0.75/modules/pending/discord_desktop_core-1.zip: 94%
2024-11-23T19:59:53.136Z [Modules] Streaming discord_desktop_core@1 to /home/josh/.config/discord/0.0.75/modules/pending/discord_desktop_core-1.zip: 95%
2024-11-23T19:59:53.142Z [Modules] Streaming discord_desktop_core@1 to /home/josh/.config/discord/0.0.75/modules/pending/discord_desktop_core-1.zip: 96%
2024-11-23T19:59:53.147Z [Modules] Streaming discord_desktop_core@1 to /home/josh/.config/discord/0.0.75/modules/pending/discord_desktop_core-1.zip: 97%
2024-11-23T19:59:53.162Z [Modules] Streaming discord_desktop_core@1 to /home/josh/.config/discord/0.0.75/modules/pending/discord_desktop_core-1.zip: 98%
2024-11-23T19:59:53.168Z [Modules] Streaming discord_desktop_core@1 to /home/josh/.config/discord/0.0.75/modules/pending/discord_desktop_core-1.zip: 99%
2024-11-23T19:59:53.172Z [Modules] Streaming discord_desktop_core@1 to /home/josh/.config/discord/0.0.75/modules/pending/discord_desktop_core-1.zip: 100%
2024-11-23T19:59:53.175Z [Modules] Fetching discord_erlpack@1 from https://discord.com/api/modules/stable/discord_erlpack/1
2024-11-23T19:59:53.175Z [Modules] Streaming discord_erlpack@1 to /home/josh/.config/discord/0.0.75/modules/pending/discord_erlpack-1.zip
2024-11-23T19:59:53.326Z [Modules] Streaming discord_erlpack@1 to /home/josh/.config/discord/0.0.75/modules/pending/discord_erlpack-1.zip: 1%
2024-11-23T19:59:53.332Z [Modules] Streaming discord_erlpack@1 to /home/josh/.config/discord/0.0.75/modules/pending/discord_erlpack-1.zip: 2%
2024-11-23T19:59:53.337Z [Modules] Streaming discord_erlpack@1 to /home/josh/.config/discord/0.0.75/modules/pending/discord_erlpack-1.zip: 3%
2024-11-23T19:59:53.350Z [Modules] Streaming discord_erlpack@1 to /home/josh/.config/discord/0.0.75/modules/pending/discord_erlpack-1.zip: 4%
2024-11-23T19:59:53.357Z [Modules] Streaming discord_erlpack@1 to /home/josh/.config/discord/0.0.75/modules/pending/discord_erlpack-1.zip: 5%
2024-11-23T19:59:53.371Z [Modules] Streaming discord_erlpack@1 to /home/josh/.config/discord/0.0.75/modules/pending/discord_erlpack-1.zip: 6%
2024-11-23T19:59:53.378Z [Modules] Streaming discord_erlpack@1 to /home/josh/.config/discord/0.0.75/modules/pending/discord_erlpack-1.zip: 7%
2024-11-23T19:59:53.389Z [Modules] Streaming discord_erlpack@1 to /home/josh/.config/discord/0.0.75/modules/pending/discord_erlpack-1.zip: 9%
2024-11-23T19:59:53.402Z [Modules] Streaming discord_erlpack@1 to /home/josh/.config/discord/0.0.75/modules/pending/discord_erlpack-1.zip: 10%
2024-11-23T19:59:53.408Z [Modules] Streaming discord_erlpack@1 to /home/josh/.config/discord/0.0.75/modules/pending/discord_erlpack-1.zip: 11%
2024-11-23T19:59:53.417Z [Modules] Streaming discord_erlpack@1 to /home/josh/.config/discord/0.0.75/modules/pending/discord_erlpack-1.zip: 12%
2024-11-23T19:59:53.427Z [Modules] Streaming discord_erlpack@1 to /home/josh/.config/discord/0.0.75/modules/pending/discord_erlpack-1.zip: 13%
2024-11-23T19:59:53.435Z [Modules] Streaming discord_erlpack@1 to /home/josh/.config/discord/0.0.75/modules/pending/discord_erlpack-1.zip: 14%
2024-11-23T19:59:53.441Z [Modules] Streaming discord_erlpack@1 to /home/josh/.config/discord/0.0.75/modules/pending/discord_erlpack-1.zip: 15%
2024-11-23T19:59:53.450Z [Modules] Streaming discord_erlpack@1 to /home/josh/.config/discord/0.0.75/modules/pending/discord_erlpack-1.zip: 16%
2024-11-23T19:59:53.455Z [Modules] Streaming discord_erlpack@1 to /home/josh/.config/discord/0.0.75/modules/pending/discord_erlpack-1.zip: 17%
2024-11-23T19:59:53.473Z [Modules] Streaming discord_erlpack@1 to /home/josh/.config/discord/0.0.75/modules/pending/discord_erlpack-1.zip: 18%
2024-11-23T19:59:53.480Z [Modules] Streaming discord_erlpack@1 to /home/josh/.config/discord/0.0.75/modules/pending/discord_erlpack-1.zip: 19%
2024-11-23T19:59:53.485Z [Modules] Streaming discord_erlpack@1 to /home/josh/.config/discord/0.0.75/modules/pending/discord_erlpack-1.zip: 20%
2024-11-23T19:59:53.491Z [Modules] Streaming discord_erlpack@1 to /home/josh/.config/discord/0.0.75/modules/pending/discord_erlpack-1.zip: 21%
2024-11-23T19:59:53.503Z [Modules] Streaming discord_erlpack@1 to /home/josh/.config/discord/0.0.75/modules/pending/discord_erlpack-1.zip: 22%
2024-11-23T19:59:53.507Z [Modules] Streaming discord_erlpack@1 to /home/josh/.config/discord/0.0.75/modules/pending/discord_erlpack-1.zip: 23%
2024-11-23T19:59:53.515Z [Modules] Streaming discord_erlpack@1 to /home/josh/.config/discord/0.0.75/modules/pending/discord_erlpack-1.zip: 24%
2024-11-23T19:59:53.525Z [Modules] Streaming discord_erlpack@1 to /home/josh/.config/discord/0.0.75/modules/pending/discord_erlpack-1.zip: 25%
2024-11-23T19:59:53.530Z [Modules] Streaming discord_erlpack@1 to /home/josh/.config/discord/0.0.75/modules/pending/discord_erlpack-1.zip: 26%
2024-11-23T19:59:53.538Z [Modules] Streaming discord_erlpack@1 to /home/josh/.config/discord/0.0.75/modules/pending/discord_erlpack-1.zip: 27%
2024-11-23T19:59:53.549Z [Modules] Streaming discord_erlpack@1 to /home/josh/.config/discord/0.0.75/modules/pending/discord_erlpack-1.zip: 28%
2024-11-23T19:59:53.554Z [Modules] Streaming discord_erlpack@1 to /home/josh/.config/discord/0.0.75/modules/pending/discord_erlpack-1.zip: 29%
2024-11-23T19:59:53.560Z [Modules] Streaming discord_erlpack@1 to /home/josh/.config/discord/0.0.75/modules/pending/discord_erlpack-1.zip: 30%
2024-11-23T19:59:53.576Z [Modules] Streaming discord_erlpack@1 to /home/josh/.config/discord/0.0.75/modules/pending/discord_erlpack-1.zip: 32%
2024-11-23T19:59:53.583Z [Modules] Streaming discord_erlpack@1 to /home/josh/.config/discord/0.0.75/modules/pending/discord_erlpack-1.zip: 33%
2024-11-23T19:59:53.590Z [Modules] Streaming discord_erlpack@1 to /home/josh/.config/discord/0.0.75/modules/pending/discord_erlpack-1.zip: 34%
2024-11-23T19:59:53.596Z [Modules] Streaming discord_erlpack@1 to /home/josh/.config/discord/0.0.75/modules/pending/discord_erlpack-1.zip: 35%
2024-11-23T19:59:53.605Z [Modules] Streaming discord_erlpack@1 to /home/josh/.config/discord/0.0.75/modules/pending/discord_erlpack-1.zip: 36%
2024-11-23T19:59:53.612Z [Modules] Streaming discord_erlpack@1 to /home/josh/.config/discord/0.0.75/modules/pending/discord_erlpack-1.zip: 37%
2024-11-23T19:59:53.623Z [Modules] Streaming discord_erlpack@1 to /home/josh/.config/discord/0.0.75/modules/pending/discord_erlpack-1.zip: 38%
2024-11-23T19:59:53.629Z [Modules] Streaming discord_erlpack@1 to /home/josh/.config/discord/0.0.75/modules/pending/discord_erlpack-1.zip: 39%
2024-11-23T19:59:53.632Z [Modules] Streaming discord_erlpack@1 to /home/josh/.config/discord/0.0.75/modules/pending/discord_erlpack-1.zip: 40%
2024-11-23T19:59:53.644Z [Modules] Streaming discord_erlpack@1 to /home/josh/.config/discord/0.0.75/modules/pending/discord_erlpack-1.zip: 41%
2024-11-23T19:59:53.649Z [Modules] Streaming discord_erlpack@1 to /home/josh/.config/discord/0.0.75/modules/pending/discord_erlpack-1.zip: 42%
2024-11-23T19:59:53.654Z [Modules] Streaming discord_erlpack@1 to /home/josh/.config/discord/0.0.75/modules/pending/discord_erlpack-1.zip: 43%
2024-11-23T19:59:53.665Z [Modules] Streaming discord_erlpack@1 to /home/josh/.config/discord/0.0.75/modules/pending/discord_erlpack-1.zip: 44%
2024-11-23T19:59:53.669Z [Modules] Streaming discord_erlpack@1 to /home/josh/.config/discord/0.0.75/modules/pending/discord_erlpack-1.zip: 45%
2024-11-23T19:59:53.678Z [Modules] Streaming discord_erlpack@1 to /home/josh/.config/discord/0.0.75/modules/pending/discord_erlpack-1.zip: 46%
2024-11-23T19:59:53.686Z [Modules] Streaming discord_erlpack@1 to /home/josh/.config/discord/0.0.75/modules/pending/discord_erlpack-1.zip: 47%
2024-11-23T19:59:53.689Z [Modules] Streaming discord_erlpack@1 to /home/josh/.config/discord/0.0.75/modules/pending/discord_erlpack-1.zip: 48%
2024-11-23T19:59:53.695Z [Modules] Streaming discord_erlpack@1 to /home/josh/.config/discord/0.0.75/modules/pending/discord_erlpack-1.zip: 49%
2024-11-23T19:59:53.707Z [Modules] Streaming discord_erlpack@1 to /home/josh/.config/discord/0.0.75/modules/pending/discord_erlpack-1.zip: 50%
2024-11-23T19:59:53.711Z [Modules] Streaming discord_erlpack@1 to /home/josh/.config/discord/0.0.75/modules/pending/discord_erlpack-1.zip: 51%
2024-11-23T19:59:53.716Z [Modules] Streaming discord_erlpack@1 to /home/josh/.config/discord/0.0.75/modules/pending/discord_erlpack-1.zip: 52%
2024-11-23T19:59:53.723Z [Modules] Streaming discord_erlpack@1 to /home/josh/.config/discord/0.0.75/modules/pending/discord_erlpack-1.zip: 53%
2024-11-23T19:59:53.727Z [Modules] Streaming discord_erlpack@1 to /home/josh/.config/discord/0.0.75/modules/pending/discord_erlpack-1.zip: 54%
2024-11-23T19:59:53.732Z [Modules] Streaming discord_erlpack@1 to /home/josh/.config/discord/0.0.75/modules/pending/discord_erlpack-1.zip: 55%
2024-11-23T19:59:53.745Z [Modules] Streaming discord_erlpack@1 to /home/josh/.config/discord/0.0.75/modules/pending/discord_erlpack-1.zip: 56%
2024-11-23T19:59:53.752Z [Modules] Streaming discord_erlpack@1 to /home/josh/.config/discord/0.0.75/modules/pending/discord_erlpack-1.zip: 57%
2024-11-23T19:59:53.756Z [Modules] Streaming discord_erlpack@1 to /home/josh/.config/discord/0.0.75/modules/pending/discord_erlpack-1.zip: 58%
2024-11-23T19:59:53.767Z [Modules] Streaming discord_erlpack@1 to /home/josh/.config/discord/0.0.75/modules/pending/discord_erlpack-1.zip: 59%
2024-11-23T19:59:53.770Z [Modules] Streaming discord_erlpack@1 to /home/josh/.config/discord/0.0.75/modules/pending/discord_erlpack-1.zip: 60%
2024-11-23T19:59:53.777Z [Modules] Streaming discord_erlpack@1 to /home/josh/.config/discord/0.0.75/modules/pending/discord_erlpack-1.zip: 61%
2024-11-23T19:59:53.784Z [Modules] Streaming discord_erlpack@1 to /home/josh/.config/discord/0.0.75/modules/pending/discord_erlpack-1.zip: 62%
2024-11-23T19:59:53.791Z [Modules] Streaming discord_erlpack@1 to /home/josh/.config/discord/0.0.75/modules/pending/discord_erlpack-1.zip: 63%
2024-11-23T19:59:53.795Z [Modules] Streaming discord_erlpack@1 to /home/josh/.config/discord/0.0.75/modules/pending/discord_erlpack-1.zip: 64%
2024-11-23T19:59:53.800Z [Modules] Streaming discord_erlpack@1 to /home/josh/.config/discord/0.0.75/modules/pending/discord_erlpack-1.zip: 65%
2024-11-23T19:59:53.808Z [Modules] Streaming discord_erlpack@1 to /home/josh/.config/discord/0.0.75/modules/pending/discord_erlpack-1.zip: 66%
2024-11-23T19:59:53.813Z [Modules] Streaming discord_erlpack@1 to /home/josh/.config/discord/0.0.75/modules/pending/discord_erlpack-1.zip: 67%
2024-11-23T19:59:53.817Z [Modules] Streaming discord_erlpack@1 to /home/josh/.config/discord/0.0.75/modules/pending/discord_erlpack-1.zip: 68%
2024-11-23T19:59:53.827Z [Modules] Streaming discord_erlpack@1 to /home/josh/.config/discord/0.0.75/modules/pending/discord_erlpack-1.zip: 69%
2024-11-23T19:59:53.834Z [Modules] Streaming discord_erlpack@1 to /home/josh/.config/discord/0.0.75/modules/pending/discord_erlpack-1.zip: 70%
2024-11-23T19:59:53.836Z [Modules] Streaming discord_erlpack@1 to /home/josh/.config/discord/0.0.75/modules/pending/discord_erlpack-1.zip: 71%
2024-11-23T19:59:53.847Z [Modules] Streaming discord_erlpack@1 to /home/josh/.config/discord/0.0.75/modules/pending/discord_erlpack-1.zip: 72%
2024-11-23T19:59:53.851Z [Modules] Streaming discord_erlpack@1 to /home/josh/.config/discord/0.0.75/modules/pending/discord_erlpack-1.zip: 73%
2024-11-23T19:59:53.855Z [Modules] Streaming discord_erlpack@1 to /home/josh/.config/discord/0.0.75/modules/pending/discord_erlpack-1.zip: 74%
2024-11-23T19:59:53.862Z [Modules] Streaming discord_erlpack@1 to /home/josh/.config/discord/0.0.75/modules/pending/discord_erlpack-1.zip: 75%
2024-11-23T19:59:53.866Z [Modules] Streaming discord_erlpack@1 to /home/josh/.config/discord/0.0.75/modules/pending/discord_erlpack-1.zip: 76%
2024-11-23T19:59:53.871Z [Modules] Streaming discord_erlpack@1 to /home/josh/.config/discord/0.0.75/modules/pending/discord_erlpack-1.zip: 77%
2024-11-23T19:59:53.882Z [Modules] Streaming discord_erlpack@1 to /home/josh/.config/discord/0.0.75/modules/pending/discord_erlpack-1.zip: 78%
2024-11-23T19:59:53.888Z [Modules] Streaming discord_erlpack@1 to /home/josh/.config/discord/0.0.75/modules/pending/discord_erlpack-1.zip: 79%
2024-11-23T19:59:53.892Z [Modules] Streaming discord_erlpack@1 to /home/josh/.config/discord/0.0.75/modules/pending/discord_erlpack-1.zip: 80%
2024-11-23T19:59:53.898Z [Modules] Streaming discord_erlpack@1 to /home/josh/.config/discord/0.0.75/modules/pending/discord_erlpack-1.zip: 81%
2024-11-23T19:59:53.905Z [Modules] Streaming discord_erlpack@1 to /home/josh/.config/discord/0.0.75/modules/pending/discord_erlpack-1.zip: 82%
2024-11-23T19:59:53.908Z [Modules] Streaming discord_erlpack@1 to /home/josh/.config/discord/0.0.75/modules/pending/discord_erlpack-1.zip: 83%
2024-11-23T19:59:53.916Z [Modules] Streaming discord_erlpack@1 to /home/josh/.config/discord/0.0.75/modules/pending/discord_erlpack-1.zip: 84%
2024-11-23T19:59:53.921Z [Modules] Streaming discord_erlpack@1 to /home/josh/.config/discord/0.0.75/modules/pending/discord_erlpack-1.zip: 85%
2024-11-23T19:59:53.924Z [Modules] Streaming discord_erlpack@1 to /home/josh/.config/discord/0.0.75/modules/pending/discord_erlpack-1.zip: 86%
2024-11-23T19:59:53.934Z [Modules] Streaming discord_erlpack@1 to /home/josh/.config/discord/0.0.75/modules/pending/discord_erlpack-1.zip: 87%
2024-11-23T19:59:53.936Z [Modules] Streaming discord_erlpack@1 to /home/josh/.config/discord/0.0.75/modules/pending/discord_erlpack-1.zip: 88%
2024-11-23T19:59:53.941Z [Modules] Streaming discord_erlpack@1 to /home/josh/.config/discord/0.0.75/modules/pending/discord_erlpack-1.zip: 89%
2024-11-23T19:59:53.947Z [Modules] Streaming discord_erlpack@1 to /home/josh/.config/discord/0.0.75/modules/pending/discord_erlpack-1.zip: 90%
2024-11-23T19:59:53.952Z [Modules] Streaming discord_erlpack@1 to /home/josh/.config/discord/0.0.75/modules/pending/discord_erlpack-1.zip: 91%
2024-11-23T19:59:53.957Z [Modules] Streaming discord_erlpack@1 to /home/josh/.config/discord/0.0.75/modules/pending/discord_erlpack-1.zip: 92%
2024-11-23T19:59:53.964Z [Modules] Streaming discord_erlpack@1 to /home/josh/.config/discord/0.0.75/modules/pending/discord_erlpack-1.zip: 93%
2024-11-23T19:59:53.970Z [Modules] Streaming discord_erlpack@1 to /home/josh/.config/discord/0.0.75/modules/pending/discord_erlpack-1.zip: 94%
2024-11-23T19:59:53.976Z [Modules] Streaming discord_erlpack@1 to /home/josh/.config/discord/0.0.75/modules/pending/discord_erlpack-1.zip: 95%
2024-11-23T19:59:53.981Z [Modules] Streaming discord_erlpack@1 to /home/josh/.config/discord/0.0.75/modules/pending/discord_erlpack-1.zip: 96%
2024-11-23T19:59:53.986Z [Modules] Streaming discord_erlpack@1 to /home/josh/.config/discord/0.0.75/modules/pending/discord_erlpack-1.zip: 97%
2024-11-23T19:59:53.987Z [Modules] Streaming discord_erlpack@1 to /home/josh/.config/discord/0.0.75/modules/pending/discord_erlpack-1.zip: 98%
2024-11-23T19:59:53.992Z [Modules] Streaming discord_erlpack@1 to /home/josh/.config/discord/0.0.75/modules/pending/discord_erlpack-1.zip: 99%
2024-11-23T19:59:53.994Z [Modules] Streaming discord_erlpack@1 to /home/josh/.config/discord/0.0.75/modules/pending/discord_erlpack-1.zip: 100%
2024-11-23T19:59:54.000Z [Modules] Fetching discord_spellcheck@1 from https://discord.com/api/modules/stable/discord_spellcheck/1
2024-11-23T19:59:54.000Z [Modules] Streaming discord_spellcheck@1 to /home/josh/.config/discord/0.0.75/modules/pending/discord_spellcheck-1.zip
2024-11-23T19:59:54.369Z [Modules] Streaming discord_spellcheck@1 to /home/josh/.config/discord/0.0.75/modules/pending/discord_spellcheck-1.zip: 1%
2024-11-23T19:59:54.398Z [Modules] Streaming discord_spellcheck@1 to /home/josh/.config/discord/0.0.75/modules/pending/discord_spellcheck-1.zip: 2%
2024-11-23T19:59:54.415Z [Modules] Streaming discord_spellcheck@1 to /home/josh/.config/discord/0.0.75/modules/pending/discord_spellcheck-1.zip: 3%
2024-11-23T19:59:54.431Z [Modules] Streaming discord_spellcheck@1 to /home/josh/.config/discord/0.0.75/modules/pending/discord_spellcheck-1.zip: 4%
2024-11-23T19:59:54.450Z [Modules] Streaming discord_spellcheck@1 to /home/josh/.config/discord/0.0.75/modules/pending/discord_spellcheck-1.zip: 5%
2024-11-23T19:59:54.460Z [Modules] Streaming discord_spellcheck@1 to /home/josh/.config/discord/0.0.75/modules/pending/discord_spellcheck-1.zip: 6%
2024-11-23T19:59:54.469Z [Modules] Streaming discord_spellcheck@1 to /home/josh/.config/discord/0.0.75/modules/pending/discord_spellcheck-1.zip: 7%
2024-11-23T19:59:54.479Z [Modules] Streaming discord_spellcheck@1 to /home/josh/.config/discord/0.0.75/modules/pending/discord_spellcheck-1.zip: 8%
2024-11-23T19:59:54.500Z [Modules] Streaming discord_spellcheck@1 to /home/josh/.config/discord/0.0.75/modules/pending/discord_spellcheck-1.zip: 9%
2024-11-23T19:59:54.534Z [Modules] Streaming discord_spellcheck@1 to /home/josh/.config/discord/0.0.75/modules/pending/discord_spellcheck-1.zip: 10%
2024-11-23T19:59:54.539Z [Modules] Streaming discord_spellcheck@1 to /home/josh/.config/discord/0.0.75/modules/pending/discord_spellcheck-1.zip: 11%
2024-11-23T19:59:54.542Z [Modules] Streaming discord_spellcheck@1 to /home/josh/.config/discord/0.0.75/modules/pending/discord_spellcheck-1.zip: 12%
2024-11-23T19:59:54.544Z [Modules] Streaming discord_spellcheck@1 to /home/josh/.config/discord/0.0.75/modules/pending/discord_spellcheck-1.zip: 13%
2024-11-23T19:59:54.554Z [Modules] Streaming discord_spellcheck@1 to /home/josh/.config/discord/0.0.75/modules/pending/discord_spellcheck-1.zip: 14%
2024-11-23T19:59:54.579Z [Modules] Streaming discord_spellcheck@1 to /home/josh/.config/discord/0.0.75/modules/pending/discord_spellcheck-1.zip: 15%
2024-11-23T19:59:54.585Z [Modules] Streaming discord_spellcheck@1 to /home/josh/.config/discord/0.0.75/modules/pending/discord_spellcheck-1.zip: 16%
2024-11-23T19:59:54.588Z [Modules] Streaming discord_spellcheck@1 to /home/josh/.config/discord/0.0.75/modules/pending/discord_spellcheck-1.zip: 18%
2024-11-23T19:59:54.591Z [Modules] Streaming discord_spellcheck@1 to /home/josh/.config/discord/0.0.75/modules/pending/discord_spellcheck-1.zip: 19%
2024-11-23T19:59:54.622Z [Modules] Streaming discord_spellcheck@1 to /home/josh/.config/discord/0.0.75/modules/pending/discord_spellcheck-1.zip: 20%
2024-11-23T19:59:54.628Z [Modules] Streaming discord_spellcheck@1 to /home/josh/.config/discord/0.0.75/modules/pending/discord_spellcheck-1.zip: 21%
2024-11-23T19:59:54.651Z [Modules] Streaming discord_spellcheck@1 to /home/josh/.config/discord/0.0.75/modules/pending/discord_spellcheck-1.zip: 22%
2024-11-23T19:59:54.668Z [Modules] Streaming discord_spellcheck@1 to /home/josh/.config/discord/0.0.75/modules/pending/discord_spellcheck-1.zip: 23%
2024-11-23T19:59:54.702Z [Modules] Streaming discord_spellcheck@1 to /home/josh/.config/discord/0.0.75/modules/pending/discord_spellcheck-1.zip: 24%
2024-11-23T19:59:54.706Z [Modules] Streaming discord_spellcheck@1 to /home/josh/.config/discord/0.0.75/modules/pending/discord_spellcheck-1.zip: 25%
2024-11-23T19:59:54.707Z [Modules] Streaming discord_spellcheck@1 to /home/josh/.config/discord/0.0.75/modules/pending/discord_spellcheck-1.zip: 26%
2024-11-23T19:59:54.717Z [Modules] Streaming discord_spellcheck@1 to /home/josh/.config/discord/0.0.75/modules/pending/discord_spellcheck-1.zip: 27%
2024-11-23T19:59:54.734Z [Modules] Streaming discord_spellcheck@1 to /home/josh/.config/discord/0.0.75/modules/pending/discord_spellcheck-1.zip: 28%
2024-11-23T19:59:54.738Z [Modules] Streaming discord_spellcheck@1 to /home/josh/.config/discord/0.0.75/modules/pending/discord_spellcheck-1.zip: 29%
2024-11-23T19:59:54.814Z [Modules] Streaming discord_spellcheck@1 to /home/josh/.config/discord/0.0.75/modules/pending/discord_spellcheck-1.zip: 30%
2024-11-23T19:59:54.817Z [Modules] Streaming discord_spellcheck@1 to /home/josh/.config/discord/0.0.75/modules/pending/discord_spellcheck-1.zip: 32%
2024-11-23T19:59:54.821Z [Modules] Streaming discord_spellcheck@1 to /home/josh/.config/discord/0.0.75/modules/pending/discord_spellcheck-1.zip: 33%
2024-11-23T19:59:54.838Z [Modules] Streaming discord_spellcheck@1 to /home/josh/.config/discord/0.0.75/modules/pending/discord_spellcheck-1.zip: 34%
2024-11-23T19:59:54.842Z [Modules] Streaming discord_spellcheck@1 to /home/josh/.config/discord/0.0.75/modules/pending/discord_spellcheck-1.zip: 35%
2024-11-23T19:59:54.844Z [Modules] Streaming discord_spellcheck@1 to /home/josh/.config/discord/0.0.75/modules/pending/discord_spellcheck-1.zip: 36%
2024-11-23T19:59:54.848Z [Modules] Streaming discord_spellcheck@1 to /home/josh/.config/discord/0.0.75/modules/pending/discord_spellcheck-1.zip: 37%
2024-11-23T19:59:54.857Z [Modules] Streaming discord_spellcheck@1 to /home/josh/.config/discord/0.0.75/modules/pending/discord_spellcheck-1.zip: 38%
2024-11-23T19:59:54.859Z [Modules] Streaming discord_spellcheck@1 to /home/josh/.config/discord/0.0.75/modules/pending/discord_spellcheck-1.zip: 39%
2024-11-23T19:59:54.901Z [Modules] Streaming discord_spellcheck@1 to /home/josh/.config/discord/0.0.75/modules/pending/discord_spellcheck-1.zip: 40%
2024-11-23T19:59:54.903Z [Modules] Streaming discord_spellcheck@1 to /home/josh/.config/discord/0.0.75/modules/pending/discord_spellcheck-1.zip: 41%
2024-11-23T19:59:54.906Z [Modules] Streaming discord_spellcheck@1 to /home/josh/.config/discord/0.0.75/modules/pending/discord_spellcheck-1.zip: 44%
2024-11-23T19:59:54.917Z [Modules] Streaming discord_spellcheck@1 to /home/josh/.config/discord/0.0.75/modules/pending/discord_spellcheck-1.zip: 45%
2024-11-23T19:59:54.919Z [Modules] Streaming discord_spellcheck@1 to /home/josh/.config/discord/0.0.75/modules/pending/discord_spellcheck-1.zip: 46%
2024-11-23T19:59:54.924Z [Modules] Streaming discord_spellcheck@1 to /home/josh/.config/discord/0.0.75/modules/pending/discord_spellcheck-1.zip: 48%
2024-11-23T19:59:54.957Z [Modules] Streaming discord_spellcheck@1 to /home/josh/.config/discord/0.0.75/modules/pending/discord_spellcheck-1.zip: 49%
2024-11-23T19:59:54.961Z [Modules] Streaming discord_spellcheck@1 to /home/josh/.config/discord/0.0.75/modules/pending/discord_spellcheck-1.zip: 50%
2024-11-23T19:59:54.973Z [Modules] Streaming discord_spellcheck@1 to /home/josh/.config/discord/0.0.75/modules/pending/discord_spellcheck-1.zip: 52%
2024-11-23T19:59:55.013Z [Modules] Streaming discord_spellcheck@1 to /home/josh/.config/discord/0.0.75/modules/pending/discord_spellcheck-1.zip: 54%
2024-11-23T19:59:55.018Z [Modules] Streaming discord_spellcheck@1 to /home/josh/.config/discord/0.0.75/modules/pending/discord_spellcheck-1.zip: 57%
2024-11-23T19:59:55.048Z [Modules] Streaming discord_spellcheck@1 to /home/josh/.config/discord/0.0.75/modules/pending/discord_spellcheck-1.zip: 59%
2024-11-23T19:59:55.050Z [Modules] Streaming discord_spellcheck@1 to /home/josh/.config/discord/0.0.75/modules/pending/discord_spellcheck-1.zip: 60%
2024-11-23T19:59:55.075Z [Modules] Streaming discord_spellcheck@1 to /home/josh/.config/discord/0.0.75/modules/pending/discord_spellcheck-1.zip: 61%
2024-11-23T19:59:55.077Z [Modules] Streaming discord_spellcheck@1 to /home/josh/.config/discord/0.0.75/modules/pending/discord_spellcheck-1.zip: 62%
2024-11-23T19:59:55.080Z [Modules] Streaming discord_spellcheck@1 to /home/josh/.config/discord/0.0.75/modules/pending/discord_spellcheck-1.zip: 64%
2024-11-23T19:59:55.164Z [Modules] Streaming discord_spellcheck@1 to /home/josh/.config/discord/0.0.75/modules/pending/discord_spellcheck-1.zip: 65%
2024-11-23T19:59:55.166Z [Modules] Streaming discord_spellcheck@1 to /home/josh/.config/discord/0.0.75/modules/pending/discord_spellcheck-1.zip: 67%
2024-11-23T19:59:55.170Z [Modules] Streaming discord_spellcheck@1 to /home/josh/.config/discord/0.0.75/modules/pending/discord_spellcheck-1.zip: 68%
2024-11-23T19:59:55.177Z [Modules] Streaming discord_spellcheck@1 to /home/josh/.config/discord/0.0.75/modules/pending/discord_spellcheck-1.zip: 69%
2024-11-23T19:59:55.179Z [Modules] Streaming discord_spellcheck@1 to /home/josh/.config/discord/0.0.75/modules/pending/discord_spellcheck-1.zip: 70%
2024-11-23T19:59:55.184Z [Modules] Streaming discord_spellcheck@1 to /home/josh/.config/discord/0.0.75/modules/pending/discord_spellcheck-1.zip: 71%
2024-11-23T19:59:55.189Z [Modules] Streaming discord_spellcheck@1 to /home/josh/.config/discord/0.0.75/modules/pending/discord_spellcheck-1.zip: 72%
2024-11-23T19:59:55.208Z [Modules] Streaming discord_spellcheck@1 to /home/josh/.config/discord/0.0.75/modules/pending/discord_spellcheck-1.zip: 74%
2024-11-23T19:59:55.210Z [Modules] Streaming discord_spellcheck@1 to /home/josh/.config/discord/0.0.75/modules/pending/discord_spellcheck-1.zip: 76%
2024-11-23T19:59:55.213Z [Modules] Streaming discord_spellcheck@1 to /home/josh/.config/discord/0.0.75/modules/pending/discord_spellcheck-1.zip: 77%
2024-11-23T19:59:55.293Z [Modules] Streaming discord_spellcheck@1 to /home/josh/.config/discord/0.0.75/modules/pending/discord_spellcheck-1.zip: 78%
2024-11-23T19:59:55.295Z [Modules] Streaming discord_spellcheck@1 to /home/josh/.config/discord/0.0.75/modules/pending/discord_spellcheck-1.zip: 79%
2024-11-23T19:59:55.306Z [Modules] Streaming discord_spellcheck@1 to /home/josh/.config/discord/0.0.75/modules/pending/discord_spellcheck-1.zip: 80%
2024-11-23T19:59:55.313Z [Modules] Streaming discord_spellcheck@1 to /home/josh/.config/discord/0.0.75/modules/pending/discord_spellcheck-1.zip: 81%
2024-11-23T19:59:55.315Z [Modules] Streaming discord_spellcheck@1 to /home/josh/.config/discord/0.0.75/modules/pending/discord_spellcheck-1.zip: 82%
2024-11-23T19:59:55.319Z [Modules] Streaming discord_spellcheck@1 to /home/josh/.config/discord/0.0.75/modules/pending/discord_spellcheck-1.zip: 83%
2024-11-23T19:59:55.323Z [Modules] Streaming discord_spellcheck@1 to /home/josh/.config/discord/0.0.75/modules/pending/discord_spellcheck-1.zip: 84%
2024-11-23T19:59:55.345Z [Modules] Streaming discord_spellcheck@1 to /home/josh/.config/discord/0.0.75/modules/pending/discord_spellcheck-1.zip: 85%
2024-11-23T19:59:55.350Z [Modules] Streaming discord_spellcheck@1 to /home/josh/.config/discord/0.0.75/modules/pending/discord_spellcheck-1.zip: 86%
2024-11-23T19:59:55.355Z [Modules] Streaming discord_spellcheck@1 to /home/josh/.config/discord/0.0.75/modules/pending/discord_spellcheck-1.zip: 87%
2024-11-23T19:59:55.357Z [Modules] Streaming discord_spellcheck@1 to /home/josh/.config/discord/0.0.75/modules/pending/discord_spellcheck-1.zip: 88%
2024-11-23T19:59:55.380Z [Modules] Streaming discord_spellcheck@1 to /home/josh/.config/discord/0.0.75/modules/pending/discord_spellcheck-1.zip: 89%
2024-11-23T19:59:55.384Z [Modules] Streaming discord_spellcheck@1 to /home/josh/.config/discord/0.0.75/modules/pending/discord_spellcheck-1.zip: 90%
2024-11-23T19:59:55.390Z [Modules] Streaming discord_spellcheck@1 to /home/josh/.config/discord/0.0.75/modules/pending/discord_spellcheck-1.zip: 91%
2024-11-23T19:59:55.411Z [Modules] Streaming discord_spellcheck@1 to /home/josh/.config/discord/0.0.75/modules/pending/discord_spellcheck-1.zip: 92%
2024-11-23T19:59:55.413Z [Modules] Streaming discord_spellcheck@1 to /home/josh/.config/discord/0.0.75/modules/pending/discord_spellcheck-1.zip: 93%
2024-11-23T19:59:55.417Z [Modules] Streaming discord_spellcheck@1 to /home/josh/.config/discord/0.0.75/modules/pending/discord_spellcheck-1.zip: 95%
2024-11-23T19:59:55.446Z [Modules] Streaming discord_spellcheck@1 to /home/josh/.config/discord/0.0.75/modules/pending/discord_spellcheck-1.zip: 96%
2024-11-23T19:59:55.447Z [Modules] Streaming discord_spellcheck@1 to /home/josh/.config/discord/0.0.75/modules/pending/discord_spellcheck-1.zip: 97%
2024-11-23T19:59:55.460Z [Modules] Streaming discord_spellcheck@1 to /home/josh/.config/discord/0.0.75/modules/pending/discord_spellcheck-1.zip: 98%
2024-11-23T19:59:55.465Z [Modules] Streaming discord_spellcheck@1 to /home/josh/.config/discord/0.0.75/modules/pending/discord_spellcheck-1.zip: 100%
2024-11-23T19:59:55.469Z [Modules] Fetching discord_utils@1 from https://discord.com/api/modules/stable/discord_utils/1
2024-11-23T19:59:55.469Z [Modules] Streaming discord_utils@1 to /home/josh/.config/discord/0.0.75/modules/pending/discord_utils-1.zip
2024-11-23T19:59:55.624Z [Modules] Streaming discord_utils@1 to /home/josh/.config/discord/0.0.75/modules/pending/discord_utils-1.zip: 1%
2024-11-23T19:59:55.633Z [Modules] Streaming discord_utils@1 to /home/josh/.config/discord/0.0.75/modules/pending/discord_utils-1.zip: 2%
2024-11-23T19:59:55.637Z [Modules] Streaming discord_utils@1 to /home/josh/.config/discord/0.0.75/modules/pending/discord_utils-1.zip: 4%
2024-11-23T19:59:55.684Z [Modules] Streaming discord_utils@1 to /home/josh/.config/discord/0.0.75/modules/pending/discord_utils-1.zip: 6%
2024-11-23T19:59:55.686Z [Modules] Streaming discord_utils@1 to /home/josh/.config/discord/0.0.75/modules/pending/discord_utils-1.zip: 8%
2024-11-23T19:59:55.691Z [Modules] Streaming discord_utils@1 to /home/josh/.config/discord/0.0.75/modules/pending/discord_utils-1.zip: 9%
2024-11-23T19:59:55.695Z [Modules] Streaming discord_utils@1 to /home/josh/.config/discord/0.0.75/modules/pending/discord_utils-1.zip: 12%
2024-11-23T19:59:55.697Z [Modules] Streaming discord_utils@1 to /home/josh/.config/discord/0.0.75/modules/pending/discord_utils-1.zip: 16%
2024-11-23T19:59:55.701Z [Modules] Streaming discord_utils@1 to /home/josh/.config/discord/0.0.75/modules/pending/discord_utils-1.zip: 17%
2024-11-23T19:59:55.707Z [Modules] Streaming discord_utils@1 to /home/josh/.config/discord/0.0.75/modules/pending/discord_utils-1.zip: 18%
2024-11-23T19:59:55.709Z [Modules] Streaming discord_utils@1 to /home/josh/.config/discord/0.0.75/modules/pending/discord_utils-1.zip: 19%
2024-11-23T19:59:55.712Z [Modules] Streaming discord_utils@1 to /home/josh/.config/discord/0.0.75/modules/pending/discord_utils-1.zip: 22%
2024-11-23T19:59:55.751Z [Modules] Streaming discord_utils@1 to /home/josh/.config/discord/0.0.75/modules/pending/discord_utils-1.zip: 24%
2024-11-23T19:59:55.754Z [Modules] Streaming discord_utils@1 to /home/josh/.config/discord/0.0.75/modules/pending/discord_utils-1.zip: 26%
2024-11-23T19:59:55.809Z [Modules] Streaming discord_utils@1 to /home/josh/.config/discord/0.0.75/modules/pending/discord_utils-1.zip: 27%
2024-11-23T19:59:55.813Z [Modules] Streaming discord_utils@1 to /home/josh/.config/discord/0.0.75/modules/pending/discord_utils-1.zip: 28%
2024-11-23T19:59:55.815Z [Modules] Streaming discord_utils@1 to /home/josh/.config/discord/0.0.75/modules/pending/discord_utils-1.zip: 30%
2024-11-23T19:59:55.820Z [Modules] Streaming discord_utils@1 to /home/josh/.config/discord/0.0.75/modules/pending/discord_utils-1.zip: 33%
2024-11-23T19:59:55.826Z [Modules] Streaming discord_utils@1 to /home/josh/.config/discord/0.0.75/modules/pending/discord_utils-1.zip: 35%
2024-11-23T19:59:55.831Z [Modules] Streaming discord_utils@1 to /home/josh/.config/discord/0.0.75/modules/pending/discord_utils-1.zip: 36%
2024-11-23T19:59:55.833Z [Modules] Streaming discord_utils@1 to /home/josh/.config/discord/0.0.75/modules/pending/discord_utils-1.zip: 39%
2024-11-23T19:59:55.838Z [Modules] Streaming discord_utils@1 to /home/josh/.config/discord/0.0.75/modules/pending/discord_utils-1.zip: 41%
2024-11-23T19:59:55.841Z [Modules] Streaming discord_utils@1 to /home/josh/.config/discord/0.0.75/modules/pending/discord_utils-1.zip: 43%
2024-11-23T19:59:55.850Z [Modules] Streaming discord_utils@1 to /home/josh/.config/discord/0.0.75/modules/pending/discord_utils-1.zip: 45%
2024-11-23T19:59:55.852Z [Modules] Streaming discord_utils@1 to /home/josh/.config/discord/0.0.75/modules/pending/discord_utils-1.zip: 50%
2024-11-23T19:59:55.855Z [Modules] Streaming discord_utils@1 to /home/josh/.config/discord/0.0.75/modules/pending/discord_utils-1.zip: 52%
2024-11-23T19:59:55.859Z [Modules] Streaming discord_utils@1 to /home/josh/.config/discord/0.0.75/modules/pending/discord_utils-1.zip: 55%
2024-11-23T19:59:55.873Z [Modules] Streaming discord_utils@1 to /home/josh/.config/discord/0.0.75/modules/pending/discord_utils-1.zip: 56%
2024-11-23T19:59:55.874Z [Modules] Streaming discord_utils@1 to /home/josh/.config/discord/0.0.75/modules/pending/discord_utils-1.zip: 57%
2024-11-23T19:59:55.878Z [Modules] Streaming discord_utils@1 to /home/josh/.config/discord/0.0.75/modules/pending/discord_utils-1.zip: 61%
2024-11-23T19:59:55.922Z [Modules] Streaming discord_utils@1 to /home/josh/.config/discord/0.0.75/modules/pending/discord_utils-1.zip: 63%
2024-11-23T19:59:55.923Z [Modules] Streaming discord_utils@1 to /home/josh/.config/discord/0.0.75/modules/pending/discord_utils-1.zip: 65%
2024-11-23T19:59:55.937Z [Modules] Streaming discord_utils@1 to /home/josh/.config/discord/0.0.75/modules/pending/discord_utils-1.zip: 67%
2024-11-23T19:59:55.940Z [Modules] Streaming discord_utils@1 to /home/josh/.config/discord/0.0.75/modules/pending/discord_utils-1.zip: 70%
2024-11-23T19:59:55.942Z [Modules] Streaming discord_utils@1 to /home/josh/.config/discord/0.0.75/modules/pending/discord_utils-1.zip: 73%
2024-11-23T19:59:56.016Z [Modules] Streaming discord_utils@1 to /home/josh/.config/discord/0.0.75/modules/pending/discord_utils-1.zip: 75%
2024-11-23T19:59:56.019Z [Modules] Streaming discord_utils@1 to /home/josh/.config/discord/0.0.75/modules/pending/discord_utils-1.zip: 81%
2024-11-23T19:59:56.022Z [Modules] Streaming discord_utils@1 to /home/josh/.config/discord/0.0.75/modules/pending/discord_utils-1.zip: 84%
2024-11-23T19:59:56.026Z [Modules] Streaming discord_utils@1 to /home/josh/.config/discord/0.0.75/modules/pending/discord_utils-1.zip: 85%
2024-11-23T19:59:56.028Z [Modules] Streaming discord_utils@1 to /home/josh/.config/discord/0.0.75/modules/pending/discord_utils-1.zip: 90%
2024-11-23T19:59:56.032Z [Modules] Streaming discord_utils@1 to /home/josh/.config/discord/0.0.75/modules/pending/discord_utils-1.zip: 98%
2024-11-23T19:59:56.039Z [Modules] Streaming discord_utils@1 to /home/josh/.config/discord/0.0.75/modules/pending/discord_utils-1.zip: 99%
2024-11-23T19:59:56.040Z [Modules] Streaming discord_utils@1 to /home/josh/.config/discord/0.0.75/modules/pending/discord_utils-1.zip: 100%
2024-11-23T19:59:56.044Z [Modules] Fetching discord_voice@1 from https://discord.com/api/modules/stable/discord_voice/1
2024-11-23T19:59:56.045Z [Modules] Streaming discord_voice@1 to /home/josh/.config/discord/0.0.75/modules/pending/discord_voice-1.zip
2024-11-23T19:59:56.224Z [Modules] Streaming discord_voice@1 to /home/josh/.config/discord/0.0.75/modules/pending/discord_voice-1.zip: 1%
2024-11-23T19:59:56.233Z [Modules] Streaming discord_voice@1 to /home/josh/.config/discord/0.0.75/modules/pending/discord_voice-1.zip: 2%
2024-11-23T19:59:56.242Z [Modules] Streaming discord_voice@1 to /home/josh/.config/discord/0.0.75/modules/pending/discord_voice-1.zip: 3%
2024-11-23T19:59:56.253Z [Modules] Streaming discord_voice@1 to /home/josh/.config/discord/0.0.75/modules/pending/discord_voice-1.zip: 4%
2024-11-23T19:59:56.306Z [Modules] Streaming discord_voice@1 to /home/josh/.config/discord/0.0.75/modules/pending/discord_voice-1.zip: 5%
2024-11-23T19:59:56.353Z [Modules] Streaming discord_voice@1 to /home/josh/.config/discord/0.0.75/modules/pending/discord_voice-1.zip: 6%
2024-11-23T19:59:56.355Z [Modules] Streaming discord_voice@1 to /home/josh/.config/discord/0.0.75/modules/pending/discord_voice-1.zip: 7%
2024-11-23T19:59:56.418Z [Modules] Streaming discord_voice@1 to /home/josh/.config/discord/0.0.75/modules/pending/discord_voice-1.zip: 8%
2024-11-23T19:59:56.422Z [Modules] Streaming discord_voice@1 to /home/josh/.config/discord/0.0.75/modules/pending/discord_voice-1.zip: 9%
2024-11-23T19:59:56.499Z [Modules] Streaming discord_voice@1 to /home/josh/.config/discord/0.0.75/modules/pending/discord_voice-1.zip: 10%
2024-11-23T19:59:56.501Z [Modules] Streaming discord_voice@1 to /home/josh/.config/discord/0.0.75/modules/pending/discord_voice-1.zip: 11%
2024-11-23T19:59:56.505Z [Modules] Streaming discord_voice@1 to /home/josh/.config/discord/0.0.75/modules/pending/discord_voice-1.zip: 12%
2024-11-23T19:59:56.540Z [Modules] Streaming discord_voice@1 to /home/josh/.config/discord/0.0.75/modules/pending/discord_voice-1.zip: 13%
2024-11-23T19:59:56.546Z [Modules] Streaming discord_voice@1 to /home/josh/.config/discord/0.0.75/modules/pending/discord_voice-1.zip: 14%
2024-11-23T19:59:56.572Z [Modules] Streaming discord_voice@1 to /home/josh/.config/discord/0.0.75/modules/pending/discord_voice-1.zip: 15%
2024-11-23T19:59:56.613Z [Modules] Streaming discord_voice@1 to /home/josh/.config/discord/0.0.75/modules/pending/discord_voice-1.zip: 16%
2024-11-23T19:59:56.616Z [Modules] Streaming discord_voice@1 to /home/josh/.config/discord/0.0.75/modules/pending/discord_voice-1.zip: 17%
2024-11-23T19:59:56.622Z [Modules] Streaming discord_voice@1 to /home/josh/.config/discord/0.0.75/modules/pending/discord_voice-1.zip: 18%
2024-11-23T19:59:56.645Z [Modules] Streaming discord_voice@1 to /home/josh/.config/discord/0.0.75/modules/pending/discord_voice-1.zip: 19%
2024-11-23T19:59:56.660Z [Modules] Streaming discord_voice@1 to /home/josh/.config/discord/0.0.75/modules/pending/discord_voice-1.zip: 20%
2024-11-23T19:59:56.663Z [Modules] Streaming discord_voice@1 to /home/josh/.config/discord/0.0.75/modules/pending/discord_voice-1.zip: 21%
2024-11-23T19:59:56.671Z [Modules] Streaming discord_voice@1 to /home/josh/.config/discord/0.0.75/modules/pending/discord_voice-1.zip: 22%
2024-11-23T19:59:56.695Z [Modules] Streaming discord_voice@1 to /home/josh/.config/discord/0.0.75/modules/pending/discord_voice-1.zip: 23%
2024-11-23T19:59:56.715Z [Modules] Streaming discord_voice@1 to /home/josh/.config/discord/0.0.75/modules/pending/discord_voice-1.zip: 24%
2024-11-23T19:59:56.729Z [Modules] Streaming discord_voice@1 to /home/josh/.config/discord/0.0.75/modules/pending/discord_voice-1.zip: 25%
2024-11-23T19:59:56.792Z [Modules] Streaming discord_voice@1 to /home/josh/.config/discord/0.0.75/modules/pending/discord_voice-1.zip: 26%
2024-11-23T19:59:56.797Z [Modules] Streaming discord_voice@1 to /home/josh/.config/discord/0.0.75/modules/pending/discord_voice-1.zip: 27%
2024-11-23T19:59:56.800Z [Modules] Streaming discord_voice@1 to /home/josh/.config/discord/0.0.75/modules/pending/discord_voice-1.zip: 28%
2024-11-23T19:59:56.807Z [Modules] Streaming discord_voice@1 to /home/josh/.config/discord/0.0.75/modules/pending/discord_voice-1.zip: 29%
2024-11-23T19:59:56.889Z [Modules] Streaming discord_voice@1 to /home/josh/.config/discord/0.0.75/modules/pending/discord_voice-1.zip: 30%
2024-11-23T19:59:56.891Z [Modules] Streaming discord_voice@1 to /home/josh/.config/discord/0.0.75/modules/pending/discord_voice-1.zip: 31%
2024-11-23T19:59:56.901Z [Modules] Streaming discord_voice@1 to /home/josh/.config/discord/0.0.75/modules/pending/discord_voice-1.zip: 32%
2024-11-23T19:59:57.000Z [Modules] Streaming discord_voice@1 to /home/josh/.config/discord/0.0.75/modules/pending/discord_voice-1.zip: 33%
2024-11-23T19:59:57.002Z [Modules] Streaming discord_voice@1 to /home/josh/.config/discord/0.0.75/modules/pending/discord_voice-1.zip: 34%
2024-11-23T19:59:57.009Z [Modules] Streaming discord_voice@1 to /home/josh/.config/discord/0.0.75/modules/pending/discord_voice-1.zip: 35%
2024-11-23T19:59:57.043Z [Modules] Streaming discord_voice@1 to /home/josh/.config/discord/0.0.75/modules/pending/discord_voice-1.zip: 36%
2024-11-23T19:59:57.049Z [Modules] Streaming discord_voice@1 to /home/josh/.config/discord/0.0.75/modules/pending/discord_voice-1.zip: 37%
2024-11-23T19:59:57.073Z [Modules] Streaming discord_voice@1 to /home/josh/.config/discord/0.0.75/modules/pending/discord_voice-1.zip: 38%
2024-11-23T19:59:57.111Z [Modules] Streaming discord_voice@1 to /home/josh/.config/discord/0.0.75/modules/pending/discord_voice-1.zip: 39%
2024-11-23T19:59:57.134Z [Modules] Streaming discord_voice@1 to /home/josh/.config/discord/0.0.75/modules/pending/discord_voice-1.zip: 40%
2024-11-23T19:59:57.175Z [Modules] Streaming discord_voice@1 to /home/josh/.config/discord/0.0.75/modules/pending/discord_voice-1.zip: 41%
2024-11-23T19:59:57.179Z [Modules] Streaming discord_voice@1 to /home/josh/.config/discord/0.0.75/modules/pending/discord_voice-1.zip: 42%
2024-11-23T19:59:57.212Z [Modules] Streaming discord_voice@1 to /home/josh/.config/discord/0.0.75/modules/pending/discord_voice-1.zip: 43%
2024-11-23T19:59:57.239Z [Modules] Streaming discord_voice@1 to /home/josh/.config/discord/0.0.75/modules/pending/discord_voice-1.zip: 44%
2024-11-23T19:59:57.242Z [Modules] Streaming discord_voice@1 to /home/josh/.config/discord/0.0.75/modules/pending/discord_voice-1.zip: 45%
2024-11-23T19:59:57.246Z [Modules] Streaming discord_voice@1 to /home/josh/.config/discord/0.0.75/modules/pending/discord_voice-1.zip: 46%
2024-11-23T19:59:57.259Z [Modules] Streaming discord_voice@1 to /home/josh/.config/discord/0.0.75/modules/pending/discord_voice-1.zip: 47%
2024-11-23T19:59:57.279Z [Modules] Streaming discord_voice@1 to /home/josh/.config/discord/0.0.75/modules/pending/discord_voice-1.zip: 48%
2024-11-23T19:59:57.343Z [Modules] Streaming discord_voice@1 to /home/josh/.config/discord/0.0.75/modules/pending/discord_voice-1.zip: 49%
2024-11-23T19:59:57.379Z [Modules] Streaming discord_voice@1 to /home/josh/.config/discord/0.0.75/modules/pending/discord_voice-1.zip: 50%
2024-11-23T19:59:57.383Z [Modules] Streaming discord_voice@1 to /home/josh/.config/discord/0.0.75/modules/pending/discord_voice-1.zip: 51%
2024-11-23T19:59:57.407Z [Modules] Streaming discord_voice@1 to /home/josh/.config/discord/0.0.75/modules/pending/discord_voice-1.zip: 52%
2024-11-23T19:59:57.438Z [Modules] Streaming discord_voice@1 to /home/josh/.config/discord/0.0.75/modules/pending/discord_voice-1.zip: 53%
2024-11-23T19:59:57.443Z [Modules] Streaming discord_voice@1 to /home/josh/.config/discord/0.0.75/modules/pending/discord_voice-1.zip: 54%
2024-11-23T19:59:57.472Z [Modules] Streaming discord_voice@1 to /home/josh/.config/discord/0.0.75/modules/pending/discord_voice-1.zip: 55%
2024-11-23T19:59:57.528Z [Modules] Streaming discord_voice@1 to /home/josh/.config/discord/0.0.75/modules/pending/discord_voice-1.zip: 56%
2024-11-23T19:59:57.533Z [Modules] Streaming discord_voice@1 to /home/josh/.config/discord/0.0.75/modules/pending/discord_voice-1.zip: 57%
2024-11-23T19:59:57.535Z [Modules] Streaming discord_voice@1 to /home/josh/.config/discord/0.0.75/modules/pending/discord_voice-1.zip: 58%
2024-11-23T19:59:57.543Z [Modules] Streaming discord_voice@1 to /home/josh/.config/discord/0.0.75/modules/pending/discord_voice-1.zip: 59%
2024-11-23T19:59:57.547Z [Modules] Streaming discord_voice@1 to /home/josh/.config/discord/0.0.75/modules/pending/discord_voice-1.zip: 60%
2024-11-23T19:59:57.553Z [Modules] Streaming discord_voice@1 to /home/josh/.config/discord/0.0.75/modules/pending/discord_voice-1.zip: 61%
2024-11-23T19:59:57.570Z [Modules] Streaming discord_voice@1 to /home/josh/.config/discord/0.0.75/modules/pending/discord_voice-1.zip: 62%
2024-11-23T19:59:57.651Z [Modules] Streaming discord_voice@1 to /home/josh/.config/discord/0.0.75/modules/pending/discord_voice-1.zip: 63%
2024-11-23T19:59:57.658Z [Modules] Streaming discord_voice@1 to /home/josh/.config/discord/0.0.75/modules/pending/discord_voice-1.zip: 64%
2024-11-23T19:59:57.665Z [Modules] Streaming discord_voice@1 to /home/josh/.config/discord/0.0.75/modules/pending/discord_voice-1.zip: 65%
2024-11-23T19:59:57.780Z [Modules] Streaming discord_voice@1 to /home/josh/.config/discord/0.0.75/modules/pending/discord_voice-1.zip: 66%
2024-11-23T19:59:57.786Z [Modules] Streaming discord_voice@1 to /home/josh/.config/discord/0.0.75/modules/pending/discord_voice-1.zip: 67%
2024-11-23T19:59:57.788Z [Modules] Streaming discord_voice@1 to /home/josh/.config/discord/0.0.75/modules/pending/discord_voice-1.zip: 68%
2024-11-23T19:59:57.791Z [Modules] Streaming discord_voice@1 to /home/josh/.config/discord/0.0.75/modules/pending/discord_voice-1.zip: 69%
2024-11-23T19:59:57.794Z [Modules] Streaming discord_voice@1 to /home/josh/.config/discord/0.0.75/modules/pending/discord_voice-1.zip: 70%
2024-11-23T19:59:57.834Z [Modules] Streaming discord_voice@1 to /home/josh/.config/discord/0.0.75/modules/pending/discord_voice-1.zip: 71%
2024-11-23T19:59:57.853Z [Modules] Streaming discord_voice@1 to /home/josh/.config/discord/0.0.75/modules/pending/discord_voice-1.zip: 72%
2024-11-23T19:59:57.872Z [Modules] Streaming discord_voice@1 to /home/josh/.config/discord/0.0.75/modules/pending/discord_voice-1.zip: 73%
2024-11-23T19:59:57.880Z [Modules] Streaming discord_voice@1 to /home/josh/.config/discord/0.0.75/modules/pending/discord_voice-1.zip: 74%
2024-11-23T19:59:57.892Z [Modules] Streaming discord_voice@1 to /home/josh/.config/discord/0.0.75/modules/pending/discord_voice-1.zip: 75%
2024-11-23T19:59:57.938Z [Modules] Streaming discord_voice@1 to /home/josh/.config/discord/0.0.75/modules/pending/discord_voice-1.zip: 76%
2024-11-23T19:59:57.955Z [Modules] Streaming discord_voice@1 to /home/josh/.config/discord/0.0.75/modules/pending/discord_voice-1.zip: 77%
2024-11-23T19:59:57.959Z [Modules] Streaming discord_voice@1 to /home/josh/.config/discord/0.0.75/modules/pending/discord_voice-1.zip: 78%
2024-11-23T19:59:57.964Z [Modules] Streaming discord_voice@1 to /home/josh/.config/discord/0.0.75/modules/pending/discord_voice-1.zip: 79%
2024-11-23T19:59:58.037Z [Modules] Streaming discord_voice@1 to /home/josh/.config/discord/0.0.75/modules/pending/discord_voice-1.zip: 80%
2024-11-23T19:59:58.043Z [Modules] Streaming discord_voice@1 to /home/josh/.config/discord/0.0.75/modules/pending/discord_voice-1.zip: 81%
2024-11-23T19:59:58.061Z [Modules] Streaming discord_voice@1 to /home/josh/.config/discord/0.0.75/modules/pending/discord_voice-1.zip: 82%
2024-11-23T19:59:58.074Z [Modules] Streaming discord_voice@1 to /home/josh/.config/discord/0.0.75/modules/pending/discord_voice-1.zip: 83%
2024-11-23T19:59:58.142Z [Modules] Streaming discord_voice@1 to /home/josh/.config/discord/0.0.75/modules/pending/discord_voice-1.zip: 84%
2024-11-23T19:59:58.178Z [Modules] Streaming discord_voice@1 to /home/josh/.config/discord/0.0.75/modules/pending/discord_voice-1.zip: 85%
2024-11-23T19:59:58.189Z [Modules] Streaming discord_voice@1 to /home/josh/.config/discord/0.0.75/modules/pending/discord_voice-1.zip: 86%
2024-11-23T19:59:58.222Z [Modules] Streaming discord_voice@1 to /home/josh/.config/discord/0.0.75/modules/pending/discord_voice-1.zip: 87%
2024-11-23T19:59:58.223Z [Modules] Streaming discord_voice@1 to /home/josh/.config/discord/0.0.75/modules/pending/discord_voice-1.zip: 88%
2024-11-23T19:59:58.259Z [Modules] Streaming discord_voice@1 to /home/josh/.config/discord/0.0.75/modules/pending/discord_voice-1.zip: 89%
2024-11-23T19:59:58.292Z [Modules] Streaming discord_voice@1 to /home/josh/.config/discord/0.0.75/modules/pending/discord_voice-1.zip: 90%
2024-11-23T19:59:58.303Z [Modules] Streaming discord_voice@1 to /home/josh/.config/discord/0.0.75/modules/pending/discord_voice-1.zip: 91%
2024-11-23T19:59:58.387Z [Modules] Streaming discord_voice@1 to /home/josh/.config/discord/0.0.75/modules/pending/discord_voice-1.zip: 92%
2024-11-23T19:59:58.389Z [Modules] Streaming discord_voice@1 to /home/josh/.config/discord/0.0.75/modules/pending/discord_voice-1.zip: 93%
2024-11-23T19:59:58.393Z [Modules] Streaming discord_voice@1 to /home/josh/.config/discord/0.0.75/modules/pending/discord_voice-1.zip: 94%
2024-11-23T19:59:58.408Z [Modules] Streaming discord_voice@1 to /home/josh/.config/discord/0.0.75/modules/pending/discord_voice-1.zip: 95%
2024-11-23T19:59:58.436Z [Modules] Streaming discord_voice@1 to /home/josh/.config/discord/0.0.75/modules/pending/discord_voice-1.zip: 96%
2024-11-23T19:59:58.452Z [Modules] Streaming discord_voice@1 to /home/josh/.config/discord/0.0.75/modules/pending/discord_voice-1.zip: 97%
2024-11-23T19:59:58.463Z [Modules] Streaming discord_voice@1 to /home/josh/.config/discord/0.0.75/modules/pending/discord_voice-1.zip: 98%
2024-11-23T19:59:58.495Z [Modules] Streaming discord_voice@1 to /home/josh/.config/discord/0.0.75/modules/pending/discord_voice-1.zip: 99%
2024-11-23T19:59:58.516Z [Modules] Streaming discord_voice@1 to /home/josh/.config/discord/0.0.75/modules/pending/discord_voice-1.zip: 100%
2024-11-23T19:59:58.520Z [Modules] Fetching discord_zstd@1 from https://discord.com/api/modules/stable/discord_zstd/1
2024-11-23T19:59:58.521Z [Modules] Streaming discord_zstd@1 to /home/josh/.config/discord/0.0.75/modules/pending/discord_zstd-1.zip
2024-11-23T19:59:58.729Z [Modules] Streaming discord_zstd@1 to /home/josh/.config/discord/0.0.75/modules/pending/discord_zstd-1.zip: 8%
2024-11-23T19:59:58.734Z [Modules] Streaming discord_zstd@1 to /home/josh/.config/discord/0.0.75/modules/pending/discord_zstd-1.zip: 19%
2024-11-23T19:59:58.736Z [Modules] Streaming discord_zstd@1 to /home/josh/.config/discord/0.0.75/modules/pending/discord_zstd-1.zip: 25%
2024-11-23T19:59:58.742Z [Modules] Streaming discord_zstd@1 to /home/josh/.config/discord/0.0.75/modules/pending/discord_zstd-1.zip: 36%
2024-11-23T19:59:58.745Z [Modules] Streaming discord_zstd@1 to /home/josh/.config/discord/0.0.75/modules/pending/discord_zstd-1.zip: 43%
2024-11-23T19:59:58.754Z [Modules] Streaming discord_zstd@1 to /home/josh/.config/discord/0.0.75/modules/pending/discord_zstd-1.zip: 54%
2024-11-23T19:59:58.756Z [Modules] Streaming discord_zstd@1 to /home/josh/.config/discord/0.0.75/modules/pending/discord_zstd-1.zip: 65%
2024-11-23T19:59:58.759Z [Modules] Streaming discord_zstd@1 to /home/josh/.config/discord/0.0.75/modules/pending/discord_zstd-1.zip: 71%
2024-11-23T19:59:58.783Z [Modules] Streaming discord_zstd@1 to /home/josh/.config/discord/0.0.75/modules/pending/discord_zstd-1.zip: 75%
2024-11-23T19:59:58.787Z [Modules] Streaming discord_zstd@1 to /home/josh/.config/discord/0.0.75/modules/pending/discord_zstd-1.zip: 83%
2024-11-23T19:59:58.801Z [Modules] Streaming discord_zstd@1 to /home/josh/.config/discord/0.0.75/modules/pending/discord_zstd-1.zip: 87%
2024-11-23T19:59:58.806Z [Modules] Streaming discord_zstd@1 to /home/josh/.config/discord/0.0.75/modules/pending/discord_zstd-1.zip: 100%
2024-11-23T19:59:58.808Z [Modules] Finished module downloads. [success: 6] [failure: 0]
2024-11-23T19:59:58.809Z [Modules] Installing updates...
2024-11-23T19:59:58.809Z [Modules] Installing discord_desktop_core@1 from /home/josh/.config/discord/0.0.75/modules/pending/discord_desktop_core-1.zip
2024-11-23T19:59:59.218Z [Modules] Installing discord_erlpack@1 from /home/josh/.config/discord/0.0.75/modules/pending/discord_erlpack-1.zip
2024-11-23T19:59:59.286Z [Modules] Installing discord_spellcheck@1 from /home/josh/.config/discord/0.0.75/modules/pending/discord_spellcheck-1.zip
2024-11-23T20:00:00.011Z [Modules] Installing discord_utils@1 from /home/josh/.config/discord/0.0.75/modules/pending/discord_utils-1.zip
2024-11-23T20:00:00.151Z [Modules] Installing discord_voice@1 from /home/josh/.config/discord/0.0.75/modules/pending/discord_voice-1.zip
2024-11-23T20:00:00.616Z [Modules] Installing discord_zstd@1 from /home/josh/.config/discord/0.0.75/modules/pending/discord_zstd-1.zip
2024-11-23T20:00:00.628Z [Modules] Finished module installations. [success: 6] [failure: 0]
2024-11-23T20:00:00.629Z [Modules] Checking for host updates.
2024-11-23T20:00:00.736Z [Modules] Host is up to date.
2024-11-23T20:00:00.736Z [Modules] Checking for module updates at https://discord.com/api/modules/stable/versions.json
2024-11-23T20:00:00.821Z [Modules] No module updates available.
2024-11-23T20:00:02.158Z [Modules] Starting to install discord_krisp...
2024-11-23T20:00:02.159Z [Modules] Fetching discord_krisp@1 from https://discord.com/api/modules/stable/discord_krisp/1
2024-11-23T20:00:02.159Z [Modules] Streaming discord_krisp@1 to /home/josh/.config/discord/0.0.75/modules/pending/discord_krisp-1.zip
2024-11-23T20:00:02.173Z [Modules] Starting to install discord_game_utils...
2024-11-23T20:00:02.360Z [Modules] Streaming discord_krisp@1 to /home/josh/.config/discord/0.0.75/modules/pending/discord_krisp-1.zip: 1%
2024-11-23T20:00:02.387Z [Modules] Streaming discord_krisp@1 to /home/josh/.config/discord/0.0.75/modules/pending/discord_krisp-1.zip: 2%
2024-11-23T20:00:02.395Z [Modules] Streaming discord_krisp@1 to /home/josh/.config/discord/0.0.75/modules/pending/discord_krisp-1.zip: 3%
2024-11-23T20:00:02.411Z [Modules] Streaming discord_krisp@1 to /home/josh/.config/discord/0.0.75/modules/pending/discord_krisp-1.zip: 4%
2024-11-23T20:00:02.438Z [Modules] Streaming discord_krisp@1 to /home/josh/.config/discord/0.0.75/modules/pending/discord_krisp-1.zip: 5%
2024-11-23T20:00:02.453Z [Modules] Streaming discord_krisp@1 to /home/josh/.config/discord/0.0.75/modules/pending/discord_krisp-1.zip: 6%
2024-11-23T20:00:02.502Z [Modules] Streaming discord_krisp@1 to /home/josh/.config/discord/0.0.75/modules/pending/discord_krisp-1.zip: 7%
2024-11-23T20:00:02.510Z [Modules] Streaming discord_krisp@1 to /home/josh/.config/discord/0.0.75/modules/pending/discord_krisp-1.zip: 8%
2024-11-23T20:00:02.517Z [Modules] Streaming discord_krisp@1 to /home/josh/.config/discord/0.0.75/modules/pending/discord_krisp-1.zip: 9%
2024-11-23T20:00:02.603Z [Modules] Streaming discord_krisp@1 to /home/josh/.config/discord/0.0.75/modules/pending/discord_krisp-1.zip: 10%
2024-11-23T20:00:02.607Z [Modules] Streaming discord_krisp@1 to /home/josh/.config/discord/0.0.75/modules/pending/discord_krisp-1.zip: 11%
2024-11-23T20:00:02.615Z [Modules] Streaming discord_krisp@1 to /home/josh/.config/discord/0.0.75/modules/pending/discord_krisp-1.zip: 12%
2024-11-23T20:00:02.623Z [Modules] Streaming discord_krisp@1 to /home/josh/.config/discord/0.0.75/modules/pending/discord_krisp-1.zip: 13%
2024-11-23T20:00:02.641Z [Modules] Streaming discord_krisp@1 to /home/josh/.config/discord/0.0.75/modules/pending/discord_krisp-1.zip: 14%
2024-11-23T20:00:02.696Z [Modules] Streaming discord_krisp@1 to /home/josh/.config/discord/0.0.75/modules/pending/discord_krisp-1.zip: 15%
2024-11-23T20:00:02.697Z [Modules] Streaming discord_krisp@1 to /home/josh/.config/discord/0.0.75/modules/pending/discord_krisp-1.zip: 16%
2024-11-23T20:00:02.727Z [Modules] Streaming discord_krisp@1 to /home/josh/.config/discord/0.0.75/modules/pending/discord_krisp-1.zip: 17%
2024-11-23T20:00:02.729Z [Modules] Streaming discord_krisp@1 to /home/josh/.config/discord/0.0.75/modules/pending/discord_krisp-1.zip: 18%
2024-11-23T20:00:02.766Z [Modules] Streaming discord_krisp@1 to /home/josh/.config/discord/0.0.75/modules/pending/discord_krisp-1.zip: 19%
2024-11-23T20:00:02.793Z [Modules] Streaming discord_krisp@1 to /home/josh/.config/discord/0.0.75/modules/pending/discord_krisp-1.zip: 20%
2024-11-23T20:00:02.798Z [Modules] Streaming discord_krisp@1 to /home/josh/.config/discord/0.0.75/modules/pending/discord_krisp-1.zip: 21%
2024-11-23T20:00:02.805Z [Modules] Streaming discord_krisp@1 to /home/josh/.config/discord/0.0.75/modules/pending/discord_krisp-1.zip: 22%
2024-11-23T20:00:02.820Z [Modules] Streaming discord_krisp@1 to /home/josh/.config/discord/0.0.75/modules/pending/discord_krisp-1.zip: 23%
2024-11-23T20:00:02.837Z [Modules] Streaming discord_krisp@1 to /home/josh/.config/discord/0.0.75/modules/pending/discord_krisp-1.zip: 24%
2024-11-23T20:00:02.881Z [Modules] Streaming discord_krisp@1 to /home/josh/.config/discord/0.0.75/modules/pending/discord_krisp-1.zip: 25%
2024-11-23T20:00:02.900Z [Modules] Streaming discord_krisp@1 to /home/josh/.config/discord/0.0.75/modules/pending/discord_krisp-1.zip: 26%
2024-11-23T20:00:02.919Z [Modules] Streaming discord_krisp@1 to /home/josh/.config/discord/0.0.75/modules/pending/discord_krisp-1.zip: 27%
2024-11-23T20:00:02.976Z [Modules] Streaming discord_krisp@1 to /home/josh/.config/discord/0.0.75/modules/pending/discord_krisp-1.zip: 28%
2024-11-23T20:00:02.977Z [Modules] Streaming discord_krisp@1 to /home/josh/.config/discord/0.0.75/modules/pending/discord_krisp-1.zip: 29%
2024-11-23T20:00:02.987Z [Modules] Streaming discord_krisp@1 to /home/josh/.config/discord/0.0.75/modules/pending/discord_krisp-1.zip: 30%
2024-11-23T20:00:02.989Z [Modules] Streaming discord_krisp@1 to /home/josh/.config/discord/0.0.75/modules/pending/discord_krisp-1.zip: 31%
2024-11-23T20:00:03.011Z [Modules] Streaming discord_krisp@1 to /home/josh/.config/discord/0.0.75/modules/pending/discord_krisp-1.zip: 32%
2024-11-23T20:00:03.049Z [Modules] Streaming discord_krisp@1 to /home/josh/.config/discord/0.0.75/modules/pending/discord_krisp-1.zip: 33%
2024-11-23T20:00:03.113Z [Modules] Streaming discord_krisp@1 to /home/josh/.config/discord/0.0.75/modules/pending/discord_krisp-1.zip: 34%
2024-11-23T20:00:03.114Z [Modules] Streaming discord_krisp@1 to /home/josh/.config/discord/0.0.75/modules/pending/discord_krisp-1.zip: 35%
2024-11-23T20:00:03.115Z [Modules] Streaming discord_krisp@1 to /home/josh/.config/discord/0.0.75/modules/pending/discord_krisp-1.zip: 36%
2024-11-23T20:00:03.115Z [Modules] Streaming discord_krisp@1 to /home/josh/.config/discord/0.0.75/modules/pending/discord_krisp-1.zip: 37%
2024-11-23T20:00:03.121Z [Modules] Streaming discord_krisp@1 to /home/josh/.config/discord/0.0.75/modules/pending/discord_krisp-1.zip: 38%
2024-11-23T20:00:03.177Z [Modules] Streaming discord_krisp@1 to /home/josh/.config/discord/0.0.75/modules/pending/discord_krisp-1.zip: 39%
2024-11-23T20:00:03.178Z [Modules] Streaming discord_krisp@1 to /home/josh/.config/discord/0.0.75/modules/pending/discord_krisp-1.zip: 40%
2024-11-23T20:00:03.213Z [Modules] Streaming discord_krisp@1 to /home/josh/.config/discord/0.0.75/modules/pending/discord_krisp-1.zip: 41%
2024-11-23T20:00:03.220Z [Modules] Streaming discord_krisp@1 to /home/josh/.config/discord/0.0.75/modules/pending/discord_krisp-1.zip: 42%
2024-11-23T20:00:03.272Z [Modules] Streaming discord_krisp@1 to /home/josh/.config/discord/0.0.75/modules/pending/discord_krisp-1.zip: 43%
2024-11-23T20:00:03.273Z [Modules] Streaming discord_krisp@1 to /home/josh/.config/discord/0.0.75/modules/pending/discord_krisp-1.zip: 44%
2024-11-23T20:00:03.295Z [Modules] Streaming discord_krisp@1 to /home/josh/.config/discord/0.0.75/modules/pending/discord_krisp-1.zip: 45%
2024-11-23T20:00:03.310Z [Modules] Streaming discord_krisp@1 to /home/josh/.config/discord/0.0.75/modules/pending/discord_krisp-1.zip: 46%
2024-11-23T20:00:03.310Z [Modules] Streaming discord_krisp@1 to /home/josh/.config/discord/0.0.75/modules/pending/discord_krisp-1.zip: 47%
2024-11-23T20:00:03.378Z [Modules] Streaming discord_krisp@1 to /home/josh/.config/discord/0.0.75/modules/pending/discord_krisp-1.zip: 48%
2024-11-23T20:00:03.412Z [Modules] Streaming discord_krisp@1 to /home/josh/.config/discord/0.0.75/modules/pending/discord_krisp-1.zip: 49%
2024-11-23T20:00:03.413Z [Modules] Streaming discord_krisp@1 to /home/josh/.config/discord/0.0.75/modules/pending/discord_krisp-1.zip: 50%
2024-11-23T20:00:03.413Z [Modules] Streaming discord_krisp@1 to /home/josh/.config/discord/0.0.75/modules/pending/discord_krisp-1.zip: 51%
2024-11-23T20:00:03.429Z [Modules] Streaming discord_krisp@1 to /home/josh/.config/discord/0.0.75/modules/pending/discord_krisp-1.zip: 52%
2024-11-23T20:00:03.430Z [Modules] Streaming discord_krisp@1 to /home/josh/.config/discord/0.0.75/modules/pending/discord_krisp-1.zip: 53%
2024-11-23T20:00:03.476Z [Modules] Streaming discord_krisp@1 to /home/josh/.config/discord/0.0.75/modules/pending/discord_krisp-1.zip: 54%
2024-11-23T20:00:03.477Z [Modules] Streaming discord_krisp@1 to /home/josh/.config/discord/0.0.75/modules/pending/discord_krisp-1.zip: 55%
2024-11-23T20:00:03.515Z [Modules] Streaming discord_krisp@1 to /home/josh/.config/discord/0.0.75/modules/pending/discord_krisp-1.zip: 56%
2024-11-23T20:00:03.516Z [Modules] Streaming discord_krisp@1 to /home/josh/.config/discord/0.0.75/modules/pending/discord_krisp-1.zip: 57%
2024-11-23T20:00:03.546Z [Modules] Streaming discord_krisp@1 to /home/josh/.config/discord/0.0.75/modules/pending/discord_krisp-1.zip: 58%
2024-11-23T20:00:03.557Z [Modules] Streaming discord_krisp@1 to /home/josh/.config/discord/0.0.75/modules/pending/discord_krisp-1.zip: 59%
2024-11-23T20:00:03.588Z [Modules] Streaming discord_krisp@1 to /home/josh/.config/discord/0.0.75/modules/pending/discord_krisp-1.zip: 60%
2024-11-23T20:00:03.602Z [Modules] Streaming discord_krisp@1 to /home/josh/.config/discord/0.0.75/modules/pending/discord_krisp-1.zip: 61%
2024-11-23T20:00:03.614Z [Modules] Streaming discord_krisp@1 to /home/josh/.config/discord/0.0.75/modules/pending/discord_krisp-1.zip: 62%
2024-11-23T20:00:03.669Z [Modules] Streaming discord_krisp@1 to /home/josh/.config/discord/0.0.75/modules/pending/discord_krisp-1.zip: 63%
2024-11-23T20:00:03.783Z [Modules] Streaming discord_krisp@1 to /home/josh/.config/discord/0.0.75/modules/pending/discord_krisp-1.zip: 64%
2024-11-23T20:00:03.784Z [Modules] Streaming discord_krisp@1 to /home/josh/.config/discord/0.0.75/modules/pending/discord_krisp-1.zip: 65%
2024-11-23T20:00:03.785Z [Modules] Streaming discord_krisp@1 to /home/josh/.config/discord/0.0.75/modules/pending/discord_krisp-1.zip: 67%
2024-11-23T20:00:03.786Z [Modules] Streaming discord_krisp@1 to /home/josh/.config/discord/0.0.75/modules/pending/discord_krisp-1.zip: 68%
2024-11-23T20:00:03.804Z [Modules] Streaming discord_krisp@1 to /home/josh/.config/discord/0.0.75/modules/pending/discord_krisp-1.zip: 69%
2024-11-23T20:00:03.808Z [Modules] Streaming discord_krisp@1 to /home/josh/.config/discord/0.0.75/modules/pending/discord_krisp-1.zip: 70%
2024-11-23T20:00:03.819Z [Modules] Streaming discord_krisp@1 to /home/josh/.config/discord/0.0.75/modules/pending/discord_krisp-1.zip: 71%
2024-11-23T20:00:03.873Z [Modules] Streaming discord_krisp@1 to /home/josh/.config/discord/0.0.75/modules/pending/discord_krisp-1.zip: 72%
2024-11-23T20:00:03.878Z [Modules] Streaming discord_krisp@1 to /home/josh/.config/discord/0.0.75/modules/pending/discord_krisp-1.zip: 73%
2024-11-23T20:00:03.893Z [Modules] Streaming discord_krisp@1 to /home/josh/.config/discord/0.0.75/modules/pending/discord_krisp-1.zip: 74%
2024-11-23T20:00:03.901Z [Modules] Streaming discord_krisp@1 to /home/josh/.config/discord/0.0.75/modules/pending/discord_krisp-1.zip: 75%
2024-11-23T20:00:03.951Z [Modules] Streaming discord_krisp@1 to /home/josh/.config/discord/0.0.75/modules/pending/discord_krisp-1.zip: 76%
2024-11-23T20:00:03.952Z [Modules] Streaming discord_krisp@1 to /home/josh/.config/discord/0.0.75/modules/pending/discord_krisp-1.zip: 77%
2024-11-23T20:00:04.000Z [Modules] Streaming discord_krisp@1 to /home/josh/.config/discord/0.0.75/modules/pending/discord_krisp-1.zip: 78%
2024-11-23T20:00:04.055Z [Modules] Streaming discord_krisp@1 to /home/josh/.config/discord/0.0.75/modules/pending/discord_krisp-1.zip: 79%
2024-11-23T20:00:04.059Z [Modules] Streaming discord_krisp@1 to /home/josh/.config/discord/0.0.75/modules/pending/discord_krisp-1.zip: 80%
2024-11-23T20:00:04.087Z [Modules] Streaming discord_krisp@1 to /home/josh/.config/discord/0.0.75/modules/pending/discord_krisp-1.zip: 81%
2024-11-23T20:00:04.089Z [Modules] Streaming discord_krisp@1 to /home/josh/.config/discord/0.0.75/modules/pending/discord_krisp-1.zip: 82%
2024-11-23T20:00:04.091Z [Modules] Streaming discord_krisp@1 to /home/josh/.config/discord/0.0.75/modules/pending/discord_krisp-1.zip: 83%
2024-11-23T20:00:04.107Z [Modules] Streaming discord_krisp@1 to /home/josh/.config/discord/0.0.75/modules/pending/discord_krisp-1.zip: 84%
2024-11-23T20:00:04.145Z [Modules] Streaming discord_krisp@1 to /home/josh/.config/discord/0.0.75/modules/pending/discord_krisp-1.zip: 85%
2024-11-23T20:00:04.146Z [Modules] Streaming discord_krisp@1 to /home/josh/.config/discord/0.0.75/modules/pending/discord_krisp-1.zip: 86%
2024-11-23T20:00:04.178Z [Modules] Streaming discord_krisp@1 to /home/josh/.config/discord/0.0.75/modules/pending/discord_krisp-1.zip: 87%
2024-11-23T20:00:04.178Z [Modules] Streaming discord_krisp@1 to /home/josh/.config/discord/0.0.75/modules/pending/discord_krisp-1.zip: 88%
2024-11-23T20:00:04.217Z [Modules] Streaming discord_krisp@1 to /home/josh/.config/discord/0.0.75/modules/pending/discord_krisp-1.zip: 89%
2024-11-23T20:00:04.217Z [Modules] Streaming discord_krisp@1 to /home/josh/.config/discord/0.0.75/modules/pending/discord_krisp-1.zip: 90%
2024-11-23T20:00:04.233Z [Modules] Streaming discord_krisp@1 to /home/josh/.config/discord/0.0.75/modules/pending/discord_krisp-1.zip: 91%
2024-11-23T20:00:04.265Z [Modules] Streaming discord_krisp@1 to /home/josh/.config/discord/0.0.75/modules/pending/discord_krisp-1.zip: 92%
2024-11-23T20:00:04.266Z [Modules] Streaming discord_krisp@1 to /home/josh/.config/discord/0.0.75/modules/pending/discord_krisp-1.zip: 93%
2024-11-23T20:00:04.276Z [Modules] Streaming discord_krisp@1 to /home/josh/.config/discord/0.0.75/modules/pending/discord_krisp-1.zip: 94%
2024-11-23T20:00:04.328Z [Modules] Streaming discord_krisp@1 to /home/josh/.config/discord/0.0.75/modules/pending/discord_krisp-1.zip: 95%
2024-11-23T20:00:04.328Z [Modules] Streaming discord_krisp@1 to /home/josh/.config/discord/0.0.75/modules/pending/discord_krisp-1.zip: 96%
2024-11-23T20:00:04.329Z [Modules] Streaming discord_krisp@1 to /home/josh/.config/discord/0.0.75/modules/pending/discord_krisp-1.zip: 97%
2024-11-23T20:00:04.344Z [Modules] Checking for host updates.
2024-11-23T20:00:04.457Z [Modules] Host is up to date.
2024-11-23T20:00:04.457Z [Modules] Checking for module updates at https://discord.com/api/modules/stable/versions.json
2024-11-23T20:00:04.459Z [Modules] No module updates available.
2024-11-23T20:00:04.459Z [Modules] Starting to install discord_rpc...
2024-11-23T20:00:04.569Z [Modules] Streaming discord_krisp@1 to /home/josh/.config/discord/0.0.75/modules/pending/discord_krisp-1.zip: 98%
2024-11-23T20:00:04.595Z [Modules] Streaming discord_krisp@1 to /home/josh/.config/discord/0.0.75/modules/pending/discord_krisp-1.zip: 99%
2024-11-23T20:00:04.606Z [Modules] Streaming discord_krisp@1 to /home/josh/.config/discord/0.0.75/modules/pending/discord_krisp-1.zip: 100%
2024-11-23T20:00:04.607Z [Modules] Fetching discord_game_utils@1 from https://discord.com/api/modules/stable/discord_game_utils/1
2024-11-23T20:00:04.607Z [Modules] Streaming discord_game_utils@1 to /home/josh/.config/discord/0.0.75/modules/pending/discord_game_utils-1.zip
2024-11-23T20:00:04.607Z [Modules] Installing discord_krisp@1 from /home/josh/.config/discord/0.0.75/modules/pending/discord_krisp-1.zip
2024-11-23T20:00:04.769Z [Modules] Streaming discord_game_utils@1 to /home/josh/.config/discord/0.0.75/modules/pending/discord_game_utils-1.zip: 1%
2024-11-23T20:00:04.772Z [Modules] Streaming discord_game_utils@1 to /home/josh/.config/discord/0.0.75/modules/pending/discord_game_utils-1.zip: 2%
2024-11-23T20:00:04.772Z [Modules] Streaming discord_game_utils@1 to /home/josh/.config/discord/0.0.75/modules/pending/discord_game_utils-1.zip: 3%
2024-11-23T20:00:04.776Z [Modules] Streaming discord_game_utils@1 to /home/josh/.config/discord/0.0.75/modules/pending/discord_game_utils-1.zip: 5%
2024-11-23T20:00:04.781Z [Modules] Streaming discord_game_utils@1 to /home/josh/.config/discord/0.0.75/modules/pending/discord_game_utils-1.zip: 6%
2024-11-23T20:00:04.782Z [Modules] Streaming discord_game_utils@1 to /home/josh/.config/discord/0.0.75/modules/pending/discord_game_utils-1.zip: 7%
2024-11-23T20:00:04.788Z [Modules] Streaming discord_game_utils@1 to /home/josh/.config/discord/0.0.75/modules/pending/discord_game_utils-1.zip: 9%
2024-11-23T20:00:04.789Z [Modules] Streaming discord_game_utils@1 to /home/josh/.config/discord/0.0.75/modules/pending/discord_game_utils-1.zip: 12%
2024-11-23T20:00:04.826Z [Modules] Streaming discord_game_utils@1 to /home/josh/.config/discord/0.0.75/modules/pending/discord_game_utils-1.zip: 13%
2024-11-23T20:00:04.826Z [Modules] Streaming discord_game_utils@1 to /home/josh/.config/discord/0.0.75/modules/pending/discord_game_utils-1.zip: 15%
2024-11-23T20:00:04.827Z [Modules] Streaming discord_game_utils@1 to /home/josh/.config/discord/0.0.75/modules/pending/discord_game_utils-1.zip: 18%
2024-11-23T20:00:04.827Z [Modules] Streaming discord_game_utils@1 to /home/josh/.config/discord/0.0.75/modules/pending/discord_game_utils-1.zip: 25%
2024-11-23T20:00:04.828Z [Modules] Streaming discord_game_utils@1 to /home/josh/.config/discord/0.0.75/modules/pending/discord_game_utils-1.zip: 32%
2024-11-23T20:00:04.858Z [Modules] Streaming discord_game_utils@1 to /home/josh/.config/discord/0.0.75/modules/pending/discord_game_utils-1.zip: 35%
2024-11-23T20:00:04.858Z [Modules] Streaming discord_game_utils@1 to /home/josh/.config/discord/0.0.75/modules/pending/discord_game_utils-1.zip: 40%
2024-11-23T20:00:04.858Z [Modules] Streaming discord_game_utils@1 to /home/josh/.config/discord/0.0.75/modules/pending/discord_game_utils-1.zip: 44%
2024-11-23T20:00:04.859Z [Modules] Streaming discord_game_utils@1 to /home/josh/.config/discord/0.0.75/modules/pending/discord_game_utils-1.zip: 46%
2024-11-23T20:00:04.892Z [Modules] Streaming discord_game_utils@1 to /home/josh/.config/discord/0.0.75/modules/pending/discord_game_utils-1.zip: 48%
2024-11-23T20:00:04.893Z [Modules] Streaming discord_game_utils@1 to /home/josh/.config/discord/0.0.75/modules/pending/discord_game_utils-1.zip: 58%
2024-11-23T20:00:04.893Z [Modules] Streaming discord_game_utils@1 to /home/josh/.config/discord/0.0.75/modules/pending/discord_game_utils-1.zip: 69%
2024-11-23T20:00:04.922Z [Modules] Streaming discord_game_utils@1 to /home/josh/.config/discord/0.0.75/modules/pending/discord_game_utils-1.zip: 70%
2024-11-23T20:00:04.932Z [Modules] Streaming discord_game_utils@1 to /home/josh/.config/discord/0.0.75/modules/pending/discord_game_utils-1.zip: 72%
2024-11-23T20:00:04.935Z [Modules] Streaming discord_game_utils@1 to /home/josh/.config/discord/0.0.75/modules/pending/discord_game_utils-1.zip: 74%
2024-11-23T20:00:04.936Z [Modules] Streaming discord_game_utils@1 to /home/josh/.config/discord/0.0.75/modules/pending/discord_game_utils-1.zip: 75%
2024-11-23T20:00:04.936Z [Modules] Streaming discord_game_utils@1 to /home/josh/.config/discord/0.0.75/modules/pending/discord_game_utils-1.zip: 76%
2024-11-23T20:00:04.949Z [Modules] Streaming discord_game_utils@1 to /home/josh/.config/discord/0.0.75/modules/pending/discord_game_utils-1.zip: 78%
2024-11-23T20:00:04.949Z [Modules] Streaming discord_game_utils@1 to /home/josh/.config/discord/0.0.75/modules/pending/discord_game_utils-1.zip: 80%
2024-11-23T20:00:04.950Z [Modules] Streaming discord_game_utils@1 to /home/josh/.config/discord/0.0.75/modules/pending/discord_game_utils-1.zip: 83%
2024-11-23T20:00:04.954Z [Modules] Streaming discord_game_utils@1 to /home/josh/.config/discord/0.0.75/modules/pending/discord_game_utils-1.zip: 84%
2024-11-23T20:00:04.955Z [Modules] Streaming discord_game_utils@1 to /home/josh/.config/discord/0.0.75/modules/pending/discord_game_utils-1.zip: 86%
2024-11-23T20:00:04.955Z [Modules] Streaming discord_game_utils@1 to /home/josh/.config/discord/0.0.75/modules/pending/discord_game_utils-1.zip: 91%
2024-11-23T20:00:04.955Z [Modules] Streaming discord_game_utils@1 to /home/josh/.config/discord/0.0.75/modules/pending/discord_game_utils-1.zip: 93%
2024-11-23T20:00:04.958Z [Modules] Streaming discord_game_utils@1 to /home/josh/.config/discord/0.0.75/modules/pending/discord_game_utils-1.zip: 94%
2024-11-23T20:00:04.959Z [Modules] Streaming discord_game_utils@1 to /home/josh/.config/discord/0.0.75/modules/pending/discord_game_utils-1.zip: 95%
2024-11-23T20:00:04.959Z [Modules] Streaming discord_game_utils@1 to /home/josh/.config/discord/0.0.75/modules/pending/discord_game_utils-1.zip: 96%
2024-11-23T20:00:04.964Z [Modules] Streaming discord_game_utils@1 to /home/josh/.config/discord/0.0.75/modules/pending/discord_game_utils-1.zip: 97%
2024-11-23T20:00:04.964Z [Modules] Streaming discord_game_utils@1 to /home/josh/.config/discord/0.0.75/modules/pending/discord_game_utils-1.zip: 99%
2024-11-23T20:00:04.966Z [Modules] Streaming discord_game_utils@1 to /home/josh/.config/discord/0.0.75/modules/pending/discord_game_utils-1.zip: 100%
2024-11-23T20:00:04.967Z [Modules] Fetching discord_rpc@1 from https://discord.com/api/modules/stable/discord_rpc/1
2024-11-23T20:00:04.968Z [Modules] Streaming discord_rpc@1 to /home/josh/.config/discord/0.0.75/modules/pending/discord_rpc-1.zip
2024-11-23T20:00:05.064Z [Modules] Installing discord_game_utils@1 from /home/josh/.config/discord/0.0.75/modules/pending/discord_game_utils-1.zip
2024-11-23T20:00:05.123Z [Modules] Finished module installations. [success: 2] [failure: 0]
2024-11-23T20:00:06.411Z [Modules] Streaming discord_rpc@1 to /home/josh/.config/discord/0.0.75/modules/pending/discord_rpc-1.zip: 100%
2024-11-23T20:00:06.414Z [Modules] Finished module downloads. [success: 3] [failure: 0]
2024-11-23T20:00:06.415Z [Modules] Installing discord_rpc@1 from /home/josh/.config/discord/0.0.75/modules/pending/discord_rpc-1.zip
2024-11-23T20:00:06.453Z [Modules] Finished module installations. [success: 1] [failure: 0]
2024-11-23T21:15:57.174Z [Modules] Modules initializing
2024-11-23T21:15:57.174Z [Modules] Distribution: remote
2024-11-23T21:15:57.174Z [Modules] Host updates: enabled
2024-11-23T21:15:57.175Z [Modules] Module updates: enabled
2024-11-23T21:15:57.175Z [Modules] Module install path: /home/josh/.config/discord/0.0.75/modules
2024-11-23T21:15:57.175Z [Modules] Module installed file path: /home/josh/.config/discord/0.0.75/modules/installed.json
2024-11-23T21:15:57.175Z [Modules] Module download path: /home/josh/.config/discord/0.0.75/modules/pending
2024-11-23T21:15:57.423Z [Modules] No updates to install
2024-11-23T21:15:57.423Z [Modules] Checking for host updates.
2024-11-23T21:15:57.669Z [Modules] Host is up to date.
2024-11-23T21:15:57.670Z [Modules] Checking for module updates at https://discord.com/api/modules/stable/versions.json
2024-11-23T21:15:57.721Z [Modules] No module updates available.
2024-11-23T21:16:00.758Z [Modules] Checking for host updates.
2024-11-23T21:16:00.871Z [Modules] Host is up to date.
2024-11-23T21:16:00.872Z [Modules] Checking for module updates at https://discord.com/api/modules/stable/versions.json
2024-11-23T21:16:00.875Z [Modules] No module updates available.
2024-11-23T21:33:01.007Z [Modules] Modules initializing
2024-11-23T21:33:01.008Z [Modules] Distribution: remote
2024-11-23T21:33:01.008Z [Modules] Host updates: enabled
2024-11-23T21:33:01.008Z [Modules] Module updates: enabled
2024-11-23T21:33:01.008Z [Modules] Module install path: /home/josh/.config/discord/0.0.75/modules
2024-11-23T21:33:01.008Z [Modules] Module installed file path: /home/josh/.config/discord/0.0.75/modules/installed.json
2024-11-23T21:33:01.008Z [Modules] Module download path: /home/josh/.config/discord/0.0.75/modules/pending
2024-11-23T21:33:01.287Z [Modules] No updates to install
2024-11-23T21:33:01.288Z [Modules] Checking for host updates.
2024-11-23T21:33:01.483Z [Modules] Host is up to date.
2024-11-23T21:33:01.485Z [Modules] Checking for module updates at https://discord.com/api/modules/stable/versions.json
2024-11-23T21:33:01.523Z [Modules] No module updates available.
2024-11-23T21:33:03.782Z [Modules] Checking for host updates.
2024-11-23T21:33:03.877Z [Modules] Host is up to date.
2024-11-23T21:33:03.877Z [Modules] Checking for module updates at https://discord.com/api/modules/stable/versions.json
2024-11-23T21:33:03.880Z [Modules] No module updates available.
2024-11-23T22:33:03.793Z [Modules] Checking for host updates.
2024-11-23T22:33:03.932Z [Modules] Host is up to date.
2024-11-23T22:33:03.932Z [Modules] Checking for module updates at https://discord.com/api/modules/stable/versions.json
2024-11-23T22:33:03.979Z [Modules] No module updates available.
2024-11-24T20:33:53.011Z [Modules] Modules initializing
2024-11-24T20:33:53.011Z [Modules] Distribution: remote
2024-11-24T20:33:53.011Z [Modules] Host updates: enabled
2024-11-24T20:33:53.012Z [Modules] Module updates: enabled
2024-11-24T20:33:53.012Z [Modules] Module install path: /home/josh/.config/discord/0.0.75/modules
2024-11-24T20:33:53.012Z [Modules] Module installed file path: /home/josh/.config/discord/0.0.75/modules/installed.json
2024-11-24T20:33:53.012Z [Modules] Module download path: /home/josh/.config/discord/0.0.75/modules/pending
2024-11-24T20:33:53.284Z [Modules] No updates to install
2024-11-24T20:33:53.285Z [Modules] Checking for host updates.
2024-11-24T20:33:53.424Z [Modules] Host is up to date.
2024-11-24T20:33:53.425Z [Modules] Checking for module updates at https://discord.com/api/modules/stable/versions.json
2024-11-24T20:33:53.458Z [Modules] No module updates available.
2024-11-24T20:33:57.310Z [Modules] Checking for host updates.
2024-11-24T20:33:57.403Z [Modules] Host is up to date.
2024-11-24T20:33:57.403Z [Modules] Checking for module updates at https://discord.com/api/modules/stable/versions.json
2024-11-24T20:33:57.406Z [Modules] No module updates available.
